{"/mnt/common/github/tape/index.js":{"path":"/mnt/common/github/tape/index.js","statementMap":{"0":{"start":{"line":3,"column":14},"end":{"line":3,"column":32}},"1":{"start":{"line":4,"column":26},"end":{"line":4,"column":57}},"2":{"start":{"line":5,"column":11},"end":{"line":5,"column":32}},"3":{"start":{"line":6,"column":19},"end":{"line":6,"column":43}},"4":{"start":{"line":7,"column":14},"end":{"line":7,"column":32}},"5":{"start":{"line":9,"column":18},"end":{"line":10,"column":67}},"6":{"start":{"line":12,"column":14},"end":{"line":13,"column":41}},"7":{"start":{"line":16,"column":0},"end":{"line":54,"column":5}},"8":{"start":{"line":18,"column":19},"end":{"line":20,"column":5}},"9":{"start":{"line":19,"column":8},"end":{"line":19,"column":51}},"10":{"start":{"line":22,"column":4},"end":{"line":24,"column":6}},"11":{"start":{"line":23,"column":8},"end":{"line":23,"column":56}},"12":{"start":{"line":26,"column":4},"end":{"line":34,"column":6}},"13":{"start":{"line":27,"column":8},"end":{"line":27,"column":29}},"14":{"start":{"line":27,"column":19},"end":{"line":27,"column":29}},"15":{"start":{"line":28,"column":8},"end":{"line":32,"column":9}},"16":{"start":{"line":29,"column":25},"end":{"line":29,"column":34}},"17":{"start":{"line":30,"column":12},"end":{"line":30,"column":72}},"18":{"start":{"line":31,"column":12},"end":{"line":31,"column":26}},"19":{"start":{"line":33,"column":8},"end":{"line":33,"column":42}},"20":{"start":{"line":36,"column":4},"end":{"line":38,"column":6}},"21":{"start":{"line":37,"column":8},"end":{"line":37,"column":60}},"22":{"start":{"line":40,"column":4},"end":{"line":42,"column":6}},"23":{"start":{"line":41,"column":8},"end":{"line":41,"column":61}},"24":{"start":{"line":44,"column":4},"end":{"line":44,"column":37}},"25":{"start":{"line":46,"column":4},"end":{"line":46,"column":20}},"26":{"start":{"line":49,"column":8},"end":{"line":49,"column":29}},"27":{"start":{"line":49,"column":19},"end":{"line":49,"column":29}},"28":{"start":{"line":50,"column":8},"end":{"line":50,"column":38}},"29":{"start":{"line":51,"column":8},"end":{"line":51,"column":56}},"30":{"start":{"line":51,"column":22},"end":{"line":51,"column":56}},"31":{"start":{"line":52,"column":8},"end":{"line":52,"column":23}},"32":{"start":{"line":57,"column":4},"end":{"line":57,"column":25}},"33":{"start":{"line":57,"column":15},"end":{"line":57,"column":25}},"34":{"start":{"line":58,"column":18},"end":{"line":60,"column":6}},"35":{"start":{"line":62,"column":17},"end":{"line":62,"column":70}},"36":{"start":{"line":63,"column":13},"end":{"line":63,"column":62}},"37":{"start":{"line":64,"column":4},"end":{"line":66,"column":5}},"38":{"start":{"line":65,"column":8},"end":{"line":65,"column":66}},"39":{"start":{"line":65,"column":40},"end":{"line":65,"column":62}},"40":{"start":{"line":68,"column":16},"end":{"line":68,"column":21}},"41":{"start":{"line":69,"column":4},"end":{"line":69,"column":52}},"42":{"start":{"line":69,"column":35},"end":{"line":69,"column":48}},"43":{"start":{"line":71,"column":4},"end":{"line":71,"column":44}},"44":{"start":{"line":71,"column":29},"end":{"line":71,"column":44}},"45":{"start":{"line":72,"column":4},"end":{"line":72,"column":49}},"46":{"start":{"line":72,"column":34},"end":{"line":72,"column":49}},"47":{"start":{"line":74,"column":4},"end":{"line":90,"column":7}},"48":{"start":{"line":76,"column":8},"end":{"line":78,"column":9}},"49":{"start":{"line":77,"column":12},"end":{"line":77,"column":19}},"50":{"start":{"line":80,"column":8},"end":{"line":87,"column":9}},"51":{"start":{"line":81,"column":23},"end":{"line":81,"column":45}},"52":{"start":{"line":82,"column":12},"end":{"line":86,"column":13}},"53":{"start":{"line":82,"column":25},"end":{"line":82,"column":26}},"54":{"start":{"line":83,"column":24},"end":{"line":83,"column":41}},"55":{"start":{"line":84,"column":16},"end":{"line":84,"column":49}},"56":{"start":{"line":84,"column":40},"end":{"line":84,"column":49}},"57":{"start":{"line":85,"column":16},"end":{"line":85,"column":26}},"58":{"start":{"line":88,"column":8},"end":{"line":88,"column":24}},"59":{"start":{"line":89,"column":8},"end":{"line":89,"column":48}},"60":{"start":{"line":92,"column":4},"end":{"line":92,"column":19}},"61":{"start":{"line":95,"column":0},"end":{"line":95,"column":38}},"62":{"start":{"line":96,"column":0},"end":{"line":96,"column":20}},"63":{"start":{"line":97,"column":0},"end":{"line":97,"column":23}},"64":{"start":{"line":98,"column":0},"end":{"line":98,"column":30}},"65":{"start":{"line":101,"column":4},"end":{"line":101,"column":27}},"66":{"start":{"line":101,"column":16},"end":{"line":101,"column":27}},"67":{"start":{"line":102,"column":18},"end":{"line":102,"column":32}},"68":{"start":{"line":103,"column":4},"end":{"line":105,"column":5}},"69":{"start":{"line":104,"column":8},"end":{"line":104,"column":63}},"70":{"start":{"line":104,"column":43},"end":{"line":104,"column":59}},"71":{"start":{"line":107,"column":15},"end":{"line":122,"column":5}},"72":{"start":{"line":108,"column":16},"end":{"line":108,"column":40}},"73":{"start":{"line":109,"column":8},"end":{"line":109,"column":28}},"74":{"start":{"line":111,"column":8},"end":{"line":118,"column":14}},"75":{"start":{"line":112,"column":12},"end":{"line":114,"column":15}},"76":{"start":{"line":113,"column":16},"end":{"line":113,"column":33}},"77":{"start":{"line":115,"column":12},"end":{"line":117,"column":15}},"78":{"start":{"line":116,"column":16},"end":{"line":116,"column":82}},"79":{"start":{"line":116,"column":63},"end":{"line":116,"column":82}},"80":{"start":{"line":120,"column":8},"end":{"line":120,"column":24}},"81":{"start":{"line":121,"column":8},"end":{"line":121,"column":17}},"82":{"start":{"line":123,"column":4},"end":{"line":123,"column":28}},"83":{"start":{"line":125,"column":4},"end":{"line":125,"column":21}},"84":{"start":{"line":127,"column":4},"end":{"line":129,"column":6}},"85":{"start":{"line":128,"column":8},"end":{"line":128,"column":42}},"86":{"start":{"line":131,"column":4},"end":{"line":133,"column":6}},"87":{"start":{"line":132,"column":8},"end":{"line":132,"column":31}},"88":{"start":{"line":135,"column":4},"end":{"line":137,"column":6}},"89":{"start":{"line":136,"column":8},"end":{"line":136,"column":31}},"90":{"start":{"line":139,"column":15},"end":{"line":139,"column":20}},"91":{"start":{"line":140,"column":4},"end":{"line":146,"column":6}},"92":{"start":{"line":141,"column":8},"end":{"line":141,"column":69}},"93":{"start":{"line":141,"column":18},"end":{"line":141,"column":69}},"94":{"start":{"line":142,"column":8},"end":{"line":142,"column":20}},"95":{"start":{"line":143,"column":16},"end":{"line":143,"column":43}},"96":{"start":{"line":144,"column":8},"end":{"line":144,"column":24}},"97":{"start":{"line":145,"column":8},"end":{"line":145,"column":17}},"98":{"start":{"line":147,"column":4},"end":{"line":147,"column":23}},"99":{"start":{"line":149,"column":4},"end":{"line":149,"column":50}},"100":{"start":{"line":149,"column":31},"end":{"line":149,"column":47}},"101":{"start":{"line":151,"column":4},"end":{"line":151,"column":16}}},"fnMap":{"0":{"name":"(anonymous_0)","decl":{"start":{"line":16,"column":28},"end":{"line":16,"column":29}},"loc":{"start":{"line":16,"column":40},"end":{"line":54,"column":1}},"line":16},"1":{"name":"(anonymous_1)","decl":{"start":{"line":18,"column":19},"end":{"line":18,"column":20}},"loc":{"start":{"line":18,"column":31},"end":{"line":20,"column":5}},"line":18},"2":{"name":"(anonymous_2)","decl":{"start":{"line":22,"column":20},"end":{"line":22,"column":21}},"loc":{"start":{"line":22,"column":32},"end":{"line":24,"column":5}},"line":22},"3":{"name":"(anonymous_3)","decl":{"start":{"line":26,"column":28},"end":{"line":26,"column":29}},"loc":{"start":{"line":26,"column":44},"end":{"line":34,"column":5}},"line":26},"4":{"name":"(anonymous_4)","decl":{"start":{"line":36,"column":24},"end":{"line":36,"column":25}},"loc":{"start":{"line":36,"column":36},"end":{"line":38,"column":5}},"line":36},"5":{"name":"(anonymous_5)","decl":{"start":{"line":40,"column":25},"end":{"line":40,"column":26}},"loc":{"start":{"line":40,"column":37},"end":{"line":42,"column":5}},"line":40},"6":{"name":"getHarness","decl":{"start":{"line":48,"column":13},"end":{"line":48,"column":23}},"loc":{"start":{"line":48,"column":30},"end":{"line":53,"column":5}},"line":48},"7":{"name":"createExitHarness","decl":{"start":{"line":56,"column":9},"end":{"line":56,"column":26}},"loc":{"start":{"line":56,"column":33},"end":{"line":93,"column":1}},"line":56},"8":{"name":"(anonymous_8)","decl":{"start":{"line":65,"column":23},"end":{"line":65,"column":24}},"loc":{"start":{"line":65,"column":38},"end":{"line":65,"column":64}},"line":65},"9":{"name":"(anonymous_9)","decl":{"start":{"line":69,"column":21},"end":{"line":69,"column":22}},"loc":{"start":{"line":69,"column":33},"end":{"line":69,"column":50}},"line":69},"10":{"name":"(anonymous_10)","decl":{"start":{"line":74,"column":23},"end":{"line":74,"column":24}},"loc":{"start":{"line":74,"column":39},"end":{"line":90,"column":5}},"line":74},"11":{"name":"createHarness","decl":{"start":{"line":100,"column":9},"end":{"line":100,"column":22}},"loc":{"start":{"line":100,"column":30},"end":{"line":152,"column":1}},"line":100},"12":{"name":"(anonymous_12)","decl":{"start":{"line":104,"column":29},"end":{"line":104,"column":30}},"loc":{"start":{"line":104,"column":41},"end":{"line":104,"column":61}},"line":104},"13":{"name":"(anonymous_13)","decl":{"start":{"line":107,"column":15},"end":{"line":107,"column":16}},"loc":{"start":{"line":107,"column":41},"end":{"line":122,"column":5}},"line":107},"14":{"name":"inspectCode","decl":{"start":{"line":111,"column":18},"end":{"line":111,"column":29}},"loc":{"start":{"line":111,"column":34},"end":{"line":118,"column":9}},"line":111},"15":{"name":"sub","decl":{"start":{"line":112,"column":35},"end":{"line":112,"column":38}},"loc":{"start":{"line":112,"column":44},"end":{"line":114,"column":13}},"line":112},"16":{"name":"(anonymous_16)","decl":{"start":{"line":115,"column":28},"end":{"line":115,"column":29}},"loc":{"start":{"line":115,"column":41},"end":{"line":117,"column":13}},"line":115},"17":{"name":"(anonymous_17)","decl":{"start":{"line":127,"column":24},"end":{"line":127,"column":25}},"loc":{"start":{"line":127,"column":40},"end":{"line":129,"column":5}},"line":127},"18":{"name":"(anonymous_18)","decl":{"start":{"line":131,"column":20},"end":{"line":131,"column":21}},"loc":{"start":{"line":131,"column":34},"end":{"line":133,"column":5}},"line":131},"19":{"name":"(anonymous_19)","decl":{"start":{"line":135,"column":21},"end":{"line":135,"column":22}},"loc":{"start":{"line":135,"column":35},"end":{"line":137,"column":5}},"line":135},"20":{"name":"(anonymous_20)","decl":{"start":{"line":140,"column":16},"end":{"line":140,"column":17}},"loc":{"start":{"line":140,"column":28},"end":{"line":146,"column":5}},"line":140},"21":{"name":"(anonymous_21)","decl":{"start":{"line":149,"column":17},"end":{"line":149,"column":18}},"loc":{"start":{"line":149,"column":29},"end":{"line":149,"column":49}},"line":149}},"branchMap":{"0":{"loc":{"start":{"line":9,"column":18},"end":{"line":10,"column":67}},"type":"binary-expr","locations":[{"start":{"line":9,"column":18},"end":{"line":9,"column":48}},{"start":{"line":9,"column":52},"end":{"line":9,"column":59}},{"start":{"line":10,"column":7},"end":{"line":10,"column":39}},{"start":{"line":10,"column":43},"end":{"line":10,"column":67}}],"line":9},"1":{"loc":{"start":{"line":12,"column":14},"end":{"line":13,"column":41}},"type":"binary-expr","locations":[{"start":{"line":12,"column":14},"end":{"line":12,"column":44}},{"start":{"line":12,"column":48},"end":{"line":12,"column":55}},{"start":{"line":13,"column":7},"end":{"line":13,"column":41}}],"line":12},"2":{"loc":{"start":{"line":27,"column":8},"end":{"line":27,"column":29}},"type":"if","locations":[{"start":{"line":27,"column":8},"end":{"line":27,"column":29}},{"start":{"line":27,"column":8},"end":{"line":27,"column":29}}],"line":27},"3":{"loc":{"start":{"line":28,"column":8},"end":{"line":32,"column":9}},"type":"if","locations":[{"start":{"line":28,"column":8},"end":{"line":32,"column":9}},{"start":{"line":28,"column":8},"end":{"line":32,"column":9}}],"line":28},"4":{"loc":{"start":{"line":49,"column":8},"end":{"line":49,"column":29}},"type":"if","locations":[{"start":{"line":49,"column":8},"end":{"line":49,"column":29}},{"start":{"line":49,"column":8},"end":{"line":49,"column":29}}],"line":49},"5":{"loc":{"start":{"line":51,"column":8},"end":{"line":51,"column":56}},"type":"if","locations":[{"start":{"line":51,"column":8},"end":{"line":51,"column":56}},{"start":{"line":51,"column":8},"end":{"line":51,"column":56}}],"line":51},"6":{"loc":{"start":{"line":57,"column":4},"end":{"line":57,"column":25}},"type":"if","locations":[{"start":{"line":57,"column":4},"end":{"line":57,"column":25}},{"start":{"line":57,"column":4},"end":{"line":57,"column":25}}],"line":57},"7":{"loc":{"start":{"line":63,"column":25},"end":{"line":63,"column":61}},"type":"binary-expr","locations":[{"start":{"line":63,"column":25},"end":{"line":63,"column":36}},{"start":{"line":63,"column":40},"end":{"line":63,"column":61}}],"line":63},"8":{"loc":{"start":{"line":64,"column":4},"end":{"line":66,"column":5}},"type":"if","locations":[{"start":{"line":64,"column":4},"end":{"line":66,"column":5}},{"start":{"line":64,"column":4},"end":{"line":66,"column":5}}],"line":64},"9":{"loc":{"start":{"line":71,"column":4},"end":{"line":71,"column":44}},"type":"if","locations":[{"start":{"line":71,"column":4},"end":{"line":71,"column":44}},{"start":{"line":71,"column":4},"end":{"line":71,"column":44}}],"line":71},"10":{"loc":{"start":{"line":72,"column":4},"end":{"line":72,"column":49}},"type":"if","locations":[{"start":{"line":72,"column":4},"end":{"line":72,"column":49}},{"start":{"line":72,"column":4},"end":{"line":72,"column":49}}],"line":72},"11":{"loc":{"start":{"line":72,"column":8},"end":{"line":72,"column":32}},"type":"binary-expr","locations":[{"start":{"line":72,"column":8},"end":{"line":72,"column":20}},{"start":{"line":72,"column":24},"end":{"line":72,"column":32}}],"line":72},"12":{"loc":{"start":{"line":76,"column":8},"end":{"line":78,"column":9}},"type":"if","locations":[{"start":{"line":76,"column":8},"end":{"line":78,"column":9}},{"start":{"line":76,"column":8},"end":{"line":78,"column":9}}],"line":76},"13":{"loc":{"start":{"line":80,"column":8},"end":{"line":87,"column":9}},"type":"if","locations":[{"start":{"line":80,"column":8},"end":{"line":87,"column":9}},{"start":{"line":80,"column":8},"end":{"line":87,"column":9}}],"line":80},"14":{"loc":{"start":{"line":84,"column":16},"end":{"line":84,"column":49}},"type":"if","locations":[{"start":{"line":84,"column":16},"end":{"line":84,"column":49}},{"start":{"line":84,"column":16},"end":{"line":84,"column":49}}],"line":84},"15":{"loc":{"start":{"line":84,"column":20},"end":{"line":84,"column":38}},"type":"binary-expr","locations":[{"start":{"line":84,"column":20},"end":{"line":84,"column":24}},{"start":{"line":84,"column":28},"end":{"line":84,"column":38}}],"line":84},"16":{"loc":{"start":{"line":89,"column":21},"end":{"line":89,"column":46}},"type":"binary-expr","locations":[{"start":{"line":89,"column":21},"end":{"line":89,"column":25}},{"start":{"line":89,"column":29},"end":{"line":89,"column":46}}],"line":89},"17":{"loc":{"start":{"line":101,"column":4},"end":{"line":101,"column":27}},"type":"if","locations":[{"start":{"line":101,"column":4},"end":{"line":101,"column":27}},{"start":{"line":101,"column":4},"end":{"line":101,"column":27}}],"line":101},"18":{"loc":{"start":{"line":103,"column":4},"end":{"line":105,"column":5}},"type":"if","locations":[{"start":{"line":103,"column":4},"end":{"line":105,"column":5}},{"start":{"line":103,"column":4},"end":{"line":105,"column":5}}],"line":103},"19":{"loc":{"start":{"line":116,"column":16},"end":{"line":116,"column":82}},"type":"if","locations":[{"start":{"line":116,"column":16},"end":{"line":116,"column":82}},{"start":{"line":116,"column":16},"end":{"line":116,"column":82}}],"line":116},"20":{"loc":{"start":{"line":116,"column":20},"end":{"line":116,"column":61}},"type":"binary-expr","locations":[{"start":{"line":116,"column":20},"end":{"line":116,"column":27}},{"start":{"line":116,"column":31},"end":{"line":116,"column":36}},{"start":{"line":116,"column":40},"end":{"line":116,"column":61}}],"line":116},"21":{"loc":{"start":{"line":141,"column":8},"end":{"line":141,"column":69}},"type":"if","locations":[{"start":{"line":141,"column":8},"end":{"line":141,"column":69}},{"start":{"line":141,"column":8},"end":{"line":141,"column":69}}],"line":141}},"s":{"0":1,"1":1,"2":1,"3":1,"4":1,"5":1,"6":1,"7":1,"8":1,"9":1,"10":1,"11":0,"12":1,"13":0,"14":0,"15":0,"16":0,"17":0,"18":0,"19":0,"20":1,"21":0,"22":1,"23":0,"24":1,"25":1,"26":1,"27":1,"28":1,"29":1,"30":1,"31":1,"32":1,"33":0,"34":1,"35":1,"36":1,"37":1,"38":1,"39":0,"40":1,"41":1,"42":1,"43":1,"44":0,"45":1,"46":0,"47":1,"48":1,"49":0,"50":1,"51":1,"52":1,"53":1,"54":1,"55":1,"56":0,"57":1,"58":1,"59":1,"60":1,"61":1,"62":1,"63":1,"64":1,"65":1,"66":0,"67":1,"68":1,"69":0,"70":0,"71":1,"72":1,"73":1,"74":1,"75":1,"76":0,"77":1,"78":2,"79":0,"80":1,"81":1,"82":1,"83":1,"84":1,"85":1,"86":1,"87":0,"88":1,"89":0,"90":1,"91":1,"92":0,"93":0,"94":0,"95":0,"96":0,"97":0,"98":1,"99":1,"100":1,"101":1},"f":{"0":1,"1":1,"2":0,"3":0,"4":0,"5":0,"6":1,"7":1,"8":0,"9":1,"10":1,"11":1,"12":0,"13":1,"14":1,"15":0,"16":2,"17":1,"18":0,"19":0,"20":0,"21":1},"b":{"0":[1,1,1,1],"1":[1,1,1],"2":[0,0],"3":[0,0],"4":[1,0],"5":[1,0],"6":[0,1],"7":[1,1],"8":[1,0],"9":[0,1],"10":[0,1],"11":[1,1],"12":[0,1],"13":[1,0],"14":[0,1],"15":[1,0],"16":[1,1],"17":[0,1],"18":[0,1],"19":[0,2],"20":[2,2,0],"21":[0,0]},"_coverageSchema":"43e27e138ebf9cfc5966b082cf9a028302ed4184","hash":"888b87611eaccb3fe1b6cdb516466442196a110d","contentHash":"42c8ce87e16f4921b516f9278077c3dab66a1b0f4c97c4a8424bac5b504aecb6"},"/mnt/common/github/tape/lib/default_stream.js":{"path":"/mnt/common/github/tape/lib/default_stream.js","statementMap":{"0":{"start":{"line":3,"column":14},"end":{"line":3,"column":32}},"1":{"start":{"line":4,"column":9},"end":{"line":4,"column":22}},"2":{"start":{"line":6,"column":0},"end":{"line":32,"column":2}},"3":{"start":{"line":7,"column":15},"end":{"line":7,"column":17}},"4":{"start":{"line":8,"column":17},"end":{"line":8,"column":38}},"5":{"start":{"line":9,"column":4},"end":{"line":9,"column":18}},"6":{"start":{"line":12,"column":8},"end":{"line":19,"column":9}},"7":{"start":{"line":12,"column":21},"end":{"line":12,"column":22}},"8":{"start":{"line":13,"column":20},"end":{"line":15,"column":45}},"9":{"start":{"line":17,"column":12},"end":{"line":18,"column":27}},"10":{"start":{"line":17,"column":28},"end":{"line":17,"column":36}},"11":{"start":{"line":18,"column":17},"end":{"line":18,"column":27}},"12":{"start":{"line":23,"column":8},"end":{"line":29,"column":9}},"13":{"start":{"line":24,"column":12},"end":{"line":25,"column":50}},"14":{"start":{"line":24,"column":18},"end":{"line":24,"column":47}},"15":{"start":{"line":25,"column":24},"end":{"line":25,"column":48}},"16":{"start":{"line":27,"column":12},"end":{"line":28,"column":50}},"17":{"start":{"line":27,"column":18},"end":{"line":27,"column":36}},"18":{"start":{"line":28,"column":24},"end":{"line":28,"column":48}},"19":{"start":{"line":30,"column":8},"end":{"line":30,"column":18}}},"fnMap":{"0":{"name":"(anonymous_0)","decl":{"start":{"line":6,"column":17},"end":{"line":6,"column":18}},"loc":{"start":{"line":6,"column":29},"end":{"line":32,"column":1}},"line":6},"1":{"name":"write","decl":{"start":{"line":11,"column":13},"end":{"line":11,"column":18}},"loc":{"start":{"line":11,"column":24},"end":{"line":20,"column":5}},"line":11},"2":{"name":"flush","decl":{"start":{"line":22,"column":13},"end":{"line":22,"column":18}},"loc":{"start":{"line":22,"column":21},"end":{"line":31,"column":5}},"line":22}},"branchMap":{"0":{"loc":{"start":{"line":13,"column":20},"end":{"line":15,"column":45}},"type":"cond-expr","locations":[{"start":{"line":14,"column":18},"end":{"line":14,"column":31}},{"start":{"line":15,"column":18},"end":{"line":15,"column":45}}],"line":13},"1":{"loc":{"start":{"line":17,"column":12},"end":{"line":18,"column":27}},"type":"if","locations":[{"start":{"line":17,"column":12},"end":{"line":18,"column":27}},{"start":{"line":17,"column":12},"end":{"line":18,"column":27}}],"line":17},"2":{"loc":{"start":{"line":23,"column":8},"end":{"line":29,"column":9}},"type":"if","locations":[{"start":{"line":23,"column":8},"end":{"line":29,"column":9}},{"start":{"line":23,"column":8},"end":{"line":29,"column":9}}],"line":23},"3":{"loc":{"start":{"line":23,"column":12},"end":{"line":23,"column":57}},"type":"binary-expr","locations":[{"start":{"line":23,"column":12},"end":{"line":23,"column":24}},{"start":{"line":23,"column":28},"end":{"line":23,"column":57}}],"line":23}},"s":{"0":1,"1":1,"2":1,"3":1,"4":1,"5":1,"6":8,"7":8,"8":123,"9":123,"10":10,"11":113,"12":11,"13":0,"14":0,"15":0,"16":11,"17":11,"18":0,"19":11},"f":{"0":1,"1":8,"2":11},"b":{"0":[123,0],"1":[10,113],"2":[0,11],"3":[11,11]},"_coverageSchema":"43e27e138ebf9cfc5966b082cf9a028302ed4184","hash":"c026a41cba8213ca05eb260042da0940f2999958","contentHash":"e7a10862282e022391badbdf8add8312f6214cd10750311b6bd880e361f3ae45"},"/mnt/common/github/tape/lib/test.js":{"path":"/mnt/common/github/tape/lib/test.js","statementMap":{"0":{"start":{"line":3,"column":16},"end":{"line":3,"column":37}},"1":{"start":{"line":4,"column":14},"end":{"line":4,"column":32}},"2":{"start":{"line":5,"column":11},"end":{"line":5,"column":26}},"3":{"start":{"line":6,"column":15},"end":{"line":6,"column":34}},"4":{"start":{"line":7,"column":19},"end":{"line":7,"column":49}},"5":{"start":{"line":8,"column":10},"end":{"line":8,"column":24}},"6":{"start":{"line":9,"column":15},"end":{"line":9,"column":34}},"7":{"start":{"line":10,"column":11},"end":{"line":10,"column":43}},"8":{"start":{"line":11,"column":11},"end":{"line":11,"column":35}},"9":{"start":{"line":12,"column":14},"end":{"line":12,"column":33}},"10":{"start":{"line":13,"column":14},"end":{"line":13,"column":39}},"11":{"start":{"line":14,"column":9},"end":{"line":14,"column":29}},"12":{"start":{"line":15,"column":19},"end":{"line":15,"column":82}},"13":{"start":{"line":16,"column":18},"end":{"line":16,"column":72}},"14":{"start":{"line":17,"column":14},"end":{"line":17,"column":70}},"15":{"start":{"line":18,"column":12},"end":{"line":18,"column":59}},"16":{"start":{"line":20,"column":0},"end":{"line":20,"column":22}},"17":{"start":{"line":22,"column":15},"end":{"line":24,"column":22}},"18":{"start":{"line":25,"column":21},"end":{"line":25,"column":31}},"19":{"start":{"line":26,"column":23},"end":{"line":26,"column":35}},"20":{"start":{"line":28,"column":0},"end":{"line":28,"column":29}},"21":{"start":{"line":30,"column":18},"end":{"line":47,"column":1}},"22":{"start":{"line":31,"column":15},"end":{"line":31,"column":28}},"23":{"start":{"line":32,"column":15},"end":{"line":32,"column":17}},"24":{"start":{"line":35,"column":4},"end":{"line":45,"column":5}},"25":{"start":{"line":35,"column":17},"end":{"line":35,"column":18}},"26":{"start":{"line":36,"column":18},"end":{"line":36,"column":30}},"27":{"start":{"line":37,"column":16},"end":{"line":37,"column":26}},"28":{"start":{"line":38,"column":8},"end":{"line":44,"column":9}},"29":{"start":{"line":39,"column":12},"end":{"line":39,"column":23}},"30":{"start":{"line":40,"column":15},"end":{"line":44,"column":9}},"31":{"start":{"line":41,"column":12},"end":{"line":41,"column":31}},"32":{"start":{"line":42,"column":15},"end":{"line":44,"column":9}},"33":{"start":{"line":43,"column":12},"end":{"line":43,"column":21}},"34":{"start":{"line":46,"column":4},"end":{"line":46,"column":46}},"35":{"start":{"line":50,"column":4},"end":{"line":52,"column":5}},"36":{"start":{"line":51,"column":8},"end":{"line":51,"column":43}},"37":{"start":{"line":54,"column":15},"end":{"line":54,"column":45}},"38":{"start":{"line":56,"column":4},"end":{"line":56,"column":25}},"39":{"start":{"line":57,"column":4},"end":{"line":57,"column":43}},"40":{"start":{"line":58,"column":4},"end":{"line":58,"column":25}},"41":{"start":{"line":59,"column":4},"end":{"line":59,"column":26}},"42":{"start":{"line":60,"column":4},"end":{"line":60,"column":41}},"43":{"start":{"line":61,"column":4},"end":{"line":61,"column":41}},"44":{"start":{"line":62,"column":4},"end":{"line":62,"column":38}},"45":{"start":{"line":63,"column":4},"end":{"line":63,"column":27}},"46":{"start":{"line":64,"column":4},"end":{"line":64,"column":23}},"47":{"start":{"line":65,"column":4},"end":{"line":65,"column":23}},"48":{"start":{"line":66,"column":4},"end":{"line":66,"column":20}},"49":{"start":{"line":67,"column":22},"end":{"line":67,"column":62}},"50":{"start":{"line":68,"column":4},"end":{"line":78,"column":5}},"51":{"start":{"line":69,"column":8},"end":{"line":69,"column":60}},"52":{"start":{"line":70,"column":11},"end":{"line":78,"column":5}},"53":{"start":{"line":71,"column":8},"end":{"line":75,"column":9}},"54":{"start":{"line":72,"column":12},"end":{"line":72,"column":46}},"55":{"start":{"line":74,"column":12},"end":{"line":74,"column":49}},"56":{"start":{"line":77,"column":8},"end":{"line":77,"column":35}},"57":{"start":{"line":80,"column":4},"end":{"line":89,"column":5}},"58":{"start":{"line":81,"column":8},"end":{"line":88,"column":29}},"59":{"start":{"line":82,"column":12},"end":{"line":86,"column":13}},"60":{"start":{"line":83,"column":16},"end":{"line":85,"column":18}},"61":{"start":{"line":84,"column":20},"end":{"line":84,"column":54}},"62":{"start":{"line":87,"column":12},"end":{"line":87,"column":23}},"63":{"start":{"line":92,"column":0},"end":{"line":121,"column":2}},"64":{"start":{"line":93,"column":4},"end":{"line":93,"column":24}},"65":{"start":{"line":94,"column":4},"end":{"line":96,"column":5}},"66":{"start":{"line":95,"column":8},"end":{"line":95,"column":27}},"67":{"start":{"line":97,"column":4},"end":{"line":99,"column":5}},"68":{"start":{"line":98,"column":8},"end":{"line":98,"column":41}},"69":{"start":{"line":101,"column":25},"end":{"line":101,"column":39}},"70":{"start":{"line":103,"column":4},"end":{"line":118,"column":5}},"71":{"start":{"line":108,"column":19},"end":{"line":108,"column":23}},"72":{"start":{"line":109,"column":8},"end":{"line":116,"column":11}},"73":{"start":{"line":110,"column":12},"end":{"line":112,"column":13}},"74":{"start":{"line":111,"column":16},"end":{"line":111,"column":27}},"75":{"start":{"line":114,"column":12},"end":{"line":114,"column":27}},"76":{"start":{"line":115,"column":12},"end":{"line":115,"column":23}},"77":{"start":{"line":117,"column":8},"end":{"line":117,"column":15}},"78":{"start":{"line":120,"column":4},"end":{"line":120,"column":21}},"79":{"start":{"line":123,"column":0},"end":{"line":144,"column":2}},"80":{"start":{"line":124,"column":15},"end":{"line":124,"column":19}},"81":{"start":{"line":125,"column":12},"end":{"line":125,"column":36}},"82":{"start":{"line":126,"column":4},"end":{"line":126,"column":26}},"83":{"start":{"line":127,"column":4},"end":{"line":127,"column":24}},"84":{"start":{"line":128,"column":4},"end":{"line":128,"column":25}},"85":{"start":{"line":129,"column":4},"end":{"line":131,"column":7}},"86":{"start":{"line":130,"column":8},"end":{"line":130,"column":27}},"87":{"start":{"line":133,"column":4},"end":{"line":137,"column":5}},"88":{"start":{"line":134,"column":8},"end":{"line":136,"column":11}},"89":{"start":{"line":135,"column":12},"end":{"line":135,"column":24}},"90":{"start":{"line":139,"column":4},"end":{"line":143,"column":7}},"91":{"start":{"line":140,"column":8},"end":{"line":142,"column":9}},"92":{"start":{"line":141,"column":12},"end":{"line":141,"column":24}},"93":{"start":{"line":146,"column":0},"end":{"line":151,"column":2}},"94":{"start":{"line":147,"column":15},"end":{"line":147,"column":19}},"95":{"start":{"line":148,"column":4},"end":{"line":150,"column":7}},"96":{"start":{"line":149,"column":8},"end":{"line":149,"column":61}},"97":{"start":{"line":153,"column":0},"end":{"line":156,"column":2}},"98":{"start":{"line":154,"column":4},"end":{"line":154,"column":19}},"99":{"start":{"line":155,"column":4},"end":{"line":155,"column":25}},"100":{"start":{"line":158,"column":0},"end":{"line":168,"column":2}},"101":{"start":{"line":159,"column":4},"end":{"line":159,"column":65}},"102":{"start":{"line":159,"column":13},"end":{"line":159,"column":65}},"103":{"start":{"line":160,"column":15},"end":{"line":160,"column":19}},"104":{"start":{"line":161,"column":18},"end":{"line":164,"column":10}},"105":{"start":{"line":162,"column":8},"end":{"line":162,"column":63}},"106":{"start":{"line":163,"column":8},"end":{"line":163,"column":19}},"107":{"start":{"line":165,"column":4},"end":{"line":167,"column":7}},"108":{"start":{"line":166,"column":8},"end":{"line":166,"column":34}},"109":{"start":{"line":170,"column":0},"end":{"line":181,"column":2}},"110":{"start":{"line":171,"column":15},"end":{"line":171,"column":19}},"111":{"start":{"line":172,"column":4},"end":{"line":174,"column":5}},"112":{"start":{"line":173,"column":8},"end":{"line":173,"column":26}},"113":{"start":{"line":176,"column":4},"end":{"line":178,"column":5}},"114":{"start":{"line":177,"column":8},"end":{"line":177,"column":43}},"115":{"start":{"line":179,"column":4},"end":{"line":179,"column":26}},"116":{"start":{"line":180,"column":4},"end":{"line":180,"column":16}},"117":{"start":{"line":183,"column":0},"end":{"line":205,"column":2}},"118":{"start":{"line":184,"column":15},"end":{"line":184,"column":19}},"119":{"start":{"line":186,"column":4},"end":{"line":186,"column":82}},"120":{"start":{"line":186,"column":49},"end":{"line":186,"column":82}},"121":{"start":{"line":188,"column":4},"end":{"line":193,"column":5}},"122":{"start":{"line":189,"column":16},"end":{"line":189,"column":37}},"123":{"start":{"line":190,"column":8},"end":{"line":190,"column":50}},"124":{"start":{"line":190,"column":34},"end":{"line":190,"column":46}},"125":{"start":{"line":191,"column":8},"end":{"line":191,"column":16}},"126":{"start":{"line":192,"column":8},"end":{"line":192,"column":15}},"127":{"start":{"line":195,"column":4},"end":{"line":195,"column":38}},"128":{"start":{"line":195,"column":21},"end":{"line":195,"column":38}},"129":{"start":{"line":196,"column":25},"end":{"line":196,"column":47}},"130":{"start":{"line":197,"column":4},"end":{"line":203,"column":5}},"131":{"start":{"line":198,"column":8},"end":{"line":198,"column":31}},"132":{"start":{"line":199,"column":8},"end":{"line":202,"column":11}},"133":{"start":{"line":204,"column":4},"end":{"line":204,"column":22}},"134":{"start":{"line":207,"column":0},"end":{"line":221,"column":2}},"135":{"start":{"line":208,"column":4},"end":{"line":220,"column":5}},"136":{"start":{"line":210,"column":8},"end":{"line":210,"column":31}},"137":{"start":{"line":211,"column":8},"end":{"line":215,"column":11}},"138":{"start":{"line":216,"column":11},"end":{"line":220,"column":5}},"139":{"start":{"line":217,"column":8},"end":{"line":219,"column":11}},"140":{"start":{"line":223,"column":0},"end":{"line":228,"column":2}},"141":{"start":{"line":224,"column":4},"end":{"line":226,"column":5}},"142":{"start":{"line":225,"column":8},"end":{"line":225,"column":17}},"143":{"start":{"line":227,"column":4},"end":{"line":227,"column":66}},"144":{"start":{"line":230,"column":0},"end":{"line":351,"column":2}},"145":{"start":{"line":231,"column":15},"end":{"line":231,"column":19}},"146":{"start":{"line":232,"column":16},"end":{"line":232,"column":32}},"147":{"start":{"line":234,"column":4},"end":{"line":234,"column":30}},"148":{"start":{"line":236,"column":15},"end":{"line":236,"column":71}},"149":{"start":{"line":237,"column":4},"end":{"line":240,"column":5}},"150":{"start":{"line":238,"column":8},"end":{"line":238,"column":52}},"151":{"start":{"line":239,"column":8},"end":{"line":239,"column":15}},"152":{"start":{"line":242,"column":14},"end":{"line":250,"column":5}},"153":{"start":{"line":251,"column":4},"end":{"line":253,"column":5}},"154":{"start":{"line":252,"column":8},"end":{"line":252,"column":56}},"155":{"start":{"line":254,"column":4},"end":{"line":256,"column":5}},"156":{"start":{"line":255,"column":8},"end":{"line":255,"column":62}},"157":{"start":{"line":257,"column":4},"end":{"line":257,"column":34}},"158":{"start":{"line":259,"column":4},"end":{"line":261,"column":5}},"159":{"start":{"line":260,"column":8},"end":{"line":260,"column":74}},"160":{"start":{"line":263,"column":4},"end":{"line":329,"column":5}},"161":{"start":{"line":264,"column":16},"end":{"line":264,"column":38}},"162":{"start":{"line":265,"column":18},"end":{"line":265,"column":45}},"163":{"start":{"line":266,"column":18},"end":{"line":266,"column":38}},"164":{"start":{"line":268,"column":8},"end":{"line":328,"column":9}},"165":{"start":{"line":268,"column":21},"end":{"line":268,"column":22}},"166":{"start":{"line":304,"column":21},"end":{"line":304,"column":105}},"167":{"start":{"line":305,"column":33},"end":{"line":305,"column":100}},"168":{"start":{"line":306,"column":20},"end":{"line":306,"column":43}},"169":{"start":{"line":308,"column":12},"end":{"line":310,"column":13}},"170":{"start":{"line":309,"column":16},"end":{"line":309,"column":25}},"171":{"start":{"line":312,"column":34},"end":{"line":312,"column":55}},"172":{"start":{"line":313,"column":27},"end":{"line":313,"column":92}},"173":{"start":{"line":315,"column":12},"end":{"line":317,"column":13}},"174":{"start":{"line":316,"column":16},"end":{"line":316,"column":25}},"175":{"start":{"line":321,"column":12},"end":{"line":321,"column":63}},"176":{"start":{"line":322,"column":12},"end":{"line":322,"column":32}},"177":{"start":{"line":323,"column":12},"end":{"line":323,"column":36}},"178":{"start":{"line":324,"column":12},"end":{"line":324,"column":48}},"179":{"start":{"line":324,"column":22},"end":{"line":324,"column":48}},"180":{"start":{"line":326,"column":12},"end":{"line":326,"column":61}},"181":{"start":{"line":327,"column":12},"end":{"line":327,"column":18}},"182":{"start":{"line":331,"column":4},"end":{"line":331,"column":29}},"183":{"start":{"line":333,"column":25},"end":{"line":333,"column":47}},"184":{"start":{"line":334,"column":4},"end":{"line":342,"column":5}},"185":{"start":{"line":335,"column":8},"end":{"line":341,"column":9}},"186":{"start":{"line":336,"column":12},"end":{"line":336,"column":24}},"187":{"start":{"line":338,"column":12},"end":{"line":340,"column":15}},"188":{"start":{"line":339,"column":16},"end":{"line":339,"column":28}},"189":{"start":{"line":344,"column":4},"end":{"line":350,"column":5}},"190":{"start":{"line":345,"column":8},"end":{"line":345,"column":31}},"191":{"start":{"line":346,"column":8},"end":{"line":349,"column":11}},"192":{"start":{"line":353,"column":0},"end":{"line":359,"column":2}},"193":{"start":{"line":354,"column":4},"end":{"line":358,"column":7}},"194":{"start":{"line":361,"column":0},"end":{"line":367,"column":2}},"195":{"start":{"line":362,"column":4},"end":{"line":366,"column":7}},"196":{"start":{"line":369,"column":0},"end":{"line":376,"column":2}},"197":{"start":{"line":370,"column":4},"end":{"line":375,"column":7}},"198":{"start":{"line":379,"column":4},"end":{"line":385,"column":7}},"199":{"start":{"line":387,"column":0},"end":{"line":390,"column":9}},"200":{"start":{"line":393,"column":4},"end":{"line":399,"column":7}},"201":{"start":{"line":401,"column":0},"end":{"line":404,"column":8}},"202":{"start":{"line":407,"column":4},"end":{"line":412,"column":7}},"203":{"start":{"line":414,"column":0},"end":{"line":418,"column":8}},"204":{"start":{"line":421,"column":4},"end":{"line":423,"column":5}},"205":{"start":{"line":422,"column":8},"end":{"line":422,"column":73}},"206":{"start":{"line":424,"column":4},"end":{"line":430,"column":7}},"207":{"start":{"line":432,"column":0},"end":{"line":438,"column":14}},"208":{"start":{"line":441,"column":4},"end":{"line":443,"column":5}},"209":{"start":{"line":442,"column":8},"end":{"line":442,"column":73}},"210":{"start":{"line":444,"column":4},"end":{"line":450,"column":7}},"211":{"start":{"line":453,"column":0},"end":{"line":462,"column":17}},"212":{"start":{"line":465,"column":4},"end":{"line":467,"column":5}},"213":{"start":{"line":466,"column":8},"end":{"line":466,"column":73}},"214":{"start":{"line":468,"column":4},"end":{"line":474,"column":7}},"215":{"start":{"line":477,"column":0},"end":{"line":479,"column":13}},"216":{"start":{"line":482,"column":4},"end":{"line":484,"column":5}},"217":{"start":{"line":483,"column":8},"end":{"line":483,"column":73}},"218":{"start":{"line":485,"column":4},"end":{"line":491,"column":7}},"219":{"start":{"line":493,"column":0},"end":{"line":495,"column":16}},"220":{"start":{"line":498,"column":4},"end":{"line":500,"column":5}},"221":{"start":{"line":499,"column":8},"end":{"line":499,"column":73}},"222":{"start":{"line":501,"column":4},"end":{"line":507,"column":7}},"223":{"start":{"line":509,"column":0},"end":{"line":513,"column":16}},"224":{"start":{"line":516,"column":4},"end":{"line":518,"column":5}},"225":{"start":{"line":517,"column":8},"end":{"line":517,"column":73}},"226":{"start":{"line":519,"column":4},"end":{"line":525,"column":7}},"227":{"start":{"line":527,"column":0},"end":{"line":536,"column":15}},"228":{"start":{"line":539,"column":4},"end":{"line":541,"column":5}},"229":{"start":{"line":540,"column":8},"end":{"line":540,"column":73}},"230":{"start":{"line":542,"column":4},"end":{"line":548,"column":7}},"231":{"start":{"line":551,"column":0},"end":{"line":552,"column":17}},"232":{"start":{"line":555,"column":4},"end":{"line":557,"column":5}},"233":{"start":{"line":556,"column":8},"end":{"line":556,"column":73}},"234":{"start":{"line":558,"column":4},"end":{"line":564,"column":7}},"235":{"start":{"line":566,"column":0},"end":{"line":567,"column":20}},"236":{"start":{"line":569,"column":0},"end":{"line":633,"column":2}},"237":{"start":{"line":570,"column":4},"end":{"line":573,"column":5}},"238":{"start":{"line":571,"column":8},"end":{"line":571,"column":23}},"239":{"start":{"line":572,"column":8},"end":{"line":572,"column":29}},"240":{"start":{"line":575,"column":17},"end":{"line":575,"column":26}},"241":{"start":{"line":577,"column":4},"end":{"line":586,"column":5}},"242":{"start":{"line":578,"column":8},"end":{"line":578,"column":13}},"243":{"start":{"line":580,"column":8},"end":{"line":580,"column":32}},"244":{"start":{"line":581,"column":8},"end":{"line":585,"column":9}},"245":{"start":{"line":582,"column":26},"end":{"line":582,"column":37}},"246":{"start":{"line":583,"column":12},"end":{"line":583,"column":31}},"247":{"start":{"line":584,"column":12},"end":{"line":584,"column":34}},"248":{"start":{"line":588,"column":17},"end":{"line":588,"column":23}},"249":{"start":{"line":590,"column":4},"end":{"line":623,"column":5}},"250":{"start":{"line":591,"column":8},"end":{"line":593,"column":9}},"251":{"start":{"line":592,"column":12},"end":{"line":592,"column":151}},"252":{"start":{"line":594,"column":8},"end":{"line":622,"column":9}},"253":{"start":{"line":595,"column":12},"end":{"line":601,"column":13}},"254":{"start":{"line":596,"column":16},"end":{"line":596,"column":30}},"255":{"start":{"line":597,"column":19},"end":{"line":601,"column":13}},"256":{"start":{"line":598,"column":16},"end":{"line":598,"column":31}},"257":{"start":{"line":600,"column":16},"end":{"line":600,"column":66}},"258":{"start":{"line":602,"column":15},"end":{"line":622,"column":9}},"259":{"start":{"line":603,"column":12},"end":{"line":603,"column":49}},"260":{"start":{"line":604,"column":12},"end":{"line":604,"column":41}},"261":{"start":{"line":605,"column":15},"end":{"line":622,"column":9}},"262":{"start":{"line":606,"column":23},"end":{"line":606,"column":44}},"263":{"start":{"line":608,"column":12},"end":{"line":612,"column":13}},"264":{"start":{"line":609,"column":16},"end":{"line":609,"column":45}},"265":{"start":{"line":610,"column":19},"end":{"line":612,"column":13}},"266":{"start":{"line":611,"column":16},"end":{"line":611,"column":84}},"267":{"start":{"line":613,"column":12},"end":{"line":621,"column":15}},"268":{"start":{"line":614,"column":16},"end":{"line":616,"column":17}},"269":{"start":{"line":615,"column":20},"end":{"line":615,"column":32}},"270":{"start":{"line":617,"column":16},"end":{"line":619,"column":17}},"271":{"start":{"line":618,"column":20},"end":{"line":618,"column":32}},"272":{"start":{"line":620,"column":16},"end":{"line":620,"column":29}},"273":{"start":{"line":625,"column":4},"end":{"line":632,"column":7}},"274":{"start":{"line":635,"column":0},"end":{"line":655,"column":2}},"275":{"start":{"line":636,"column":4},"end":{"line":639,"column":5}},"276":{"start":{"line":637,"column":8},"end":{"line":637,"column":23}},"277":{"start":{"line":638,"column":8},"end":{"line":638,"column":29}},"278":{"start":{"line":640,"column":17},"end":{"line":640,"column":26}},"279":{"start":{"line":641,"column":4},"end":{"line":646,"column":5}},"280":{"start":{"line":642,"column":8},"end":{"line":642,"column":13}},"281":{"start":{"line":645,"column":8},"end":{"line":645,"column":32}},"282":{"start":{"line":647,"column":4},"end":{"line":654,"column":7}},"283":{"start":{"line":657,"column":0},"end":{"line":677,"column":2}},"284":{"start":{"line":658,"column":4},"end":{"line":660,"column":5}},"285":{"start":{"line":659,"column":8},"end":{"line":659,"column":146}},"286":{"start":{"line":661,"column":4},"end":{"line":663,"column":5}},"287":{"start":{"line":662,"column":8},"end":{"line":662,"column":139}},"288":{"start":{"line":665,"column":18},"end":{"line":665,"column":39}},"289":{"start":{"line":666,"column":18},"end":{"line":669,"column":5}},"290":{"start":{"line":670,"column":4},"end":{"line":676,"column":7}},"291":{"start":{"line":679,"column":0},"end":{"line":698,"column":2}},"292":{"start":{"line":680,"column":4},"end":{"line":682,"column":5}},"293":{"start":{"line":681,"column":8},"end":{"line":681,"column":146}},"294":{"start":{"line":683,"column":4},"end":{"line":685,"column":5}},"295":{"start":{"line":684,"column":8},"end":{"line":684,"column":139}},"296":{"start":{"line":686,"column":18},"end":{"line":686,"column":39}},"297":{"start":{"line":687,"column":18},"end":{"line":690,"column":5}},"298":{"start":{"line":691,"column":4},"end":{"line":697,"column":7}},"299":{"start":{"line":700,"column":0},"end":{"line":704,"column":2}},"300":{"start":{"line":701,"column":15},"end":{"line":701,"column":49}},"301":{"start":{"line":702,"column":4},"end":{"line":702,"column":26}},"302":{"start":{"line":703,"column":4},"end":{"line":703,"column":47}}},"fnMap":{"0":{"name":"(anonymous_0)","decl":{"start":{"line":30,"column":18},"end":{"line":30,"column":19}},"loc":{"start":{"line":30,"column":47},"end":{"line":47,"column":1}},"line":30},"1":{"name":"Test","decl":{"start":{"line":49,"column":9},"end":{"line":49,"column":13}},"loc":{"start":{"line":49,"column":33},"end":{"line":90,"column":1}},"line":49},"2":{"name":"bind","decl":{"start":{"line":81,"column":31},"end":{"line":81,"column":35}},"loc":{"start":{"line":81,"column":47},"end":{"line":88,"column":9}},"line":81},"3":{"name":"bound","decl":{"start":{"line":83,"column":32},"end":{"line":83,"column":37}},"loc":{"start":{"line":83,"column":40},"end":{"line":85,"column":17}},"line":83},"4":{"name":"(anonymous_4)","decl":{"start":{"line":92,"column":21},"end":{"line":92,"column":22}},"loc":{"start":{"line":92,"column":33},"end":{"line":121,"column":1}},"line":92},"5":{"name":"onResolve","decl":{"start":{"line":109,"column":54},"end":{"line":109,"column":63}},"loc":{"start":{"line":109,"column":66},"end":{"line":113,"column":9}},"line":109},"6":{"name":"onError","decl":{"start":{"line":113,"column":29},"end":{"line":113,"column":36}},"loc":{"start":{"line":113,"column":42},"end":{"line":116,"column":9}},"line":113},"7":{"name":"(anonymous_7)","decl":{"start":{"line":123,"column":22},"end":{"line":123,"column":23}},"loc":{"start":{"line":123,"column":48},"end":{"line":144,"column":1}},"line":123},"8":{"name":"(anonymous_8)","decl":{"start":{"line":129,"column":19},"end":{"line":129,"column":20}},"loc":{"start":{"line":129,"column":31},"end":{"line":131,"column":5}},"line":129},"9":{"name":"(anonymous_9)","decl":{"start":{"line":134,"column":17},"end":{"line":134,"column":18}},"loc":{"start":{"line":134,"column":29},"end":{"line":136,"column":9}},"line":134},"10":{"name":"(anonymous_10)","decl":{"start":{"line":139,"column":13},"end":{"line":139,"column":14}},"loc":{"start":{"line":139,"column":25},"end":{"line":143,"column":5}},"line":139},"11":{"name":"(anonymous_11)","decl":{"start":{"line":146,"column":25},"end":{"line":146,"column":26}},"loc":{"start":{"line":146,"column":40},"end":{"line":151,"column":1}},"line":146},"12":{"name":"(anonymous_12)","decl":{"start":{"line":148,"column":35},"end":{"line":148,"column":36}},"loc":{"start":{"line":148,"column":51},"end":{"line":150,"column":5}},"line":148},"13":{"name":"(anonymous_13)","decl":{"start":{"line":153,"column":22},"end":{"line":153,"column":23}},"loc":{"start":{"line":153,"column":35},"end":{"line":156,"column":1}},"line":153},"14":{"name":"(anonymous_14)","decl":{"start":{"line":158,"column":30},"end":{"line":158,"column":31}},"loc":{"start":{"line":158,"column":44},"end":{"line":168,"column":1}},"line":158},"15":{"name":"(anonymous_15)","decl":{"start":{"line":161,"column":33},"end":{"line":161,"column":34}},"loc":{"start":{"line":161,"column":45},"end":{"line":164,"column":5}},"line":161},"16":{"name":"(anonymous_16)","decl":{"start":{"line":165,"column":21},"end":{"line":165,"column":22}},"loc":{"start":{"line":165,"column":33},"end":{"line":167,"column":5}},"line":165},"17":{"name":"(anonymous_17)","decl":{"start":{"line":170,"column":21},"end":{"line":170,"column":22}},"loc":{"start":{"line":170,"column":36},"end":{"line":181,"column":1}},"line":170},"18":{"name":"(anonymous_18)","decl":{"start":{"line":183,"column":22},"end":{"line":183,"column":23}},"loc":{"start":{"line":183,"column":37},"end":{"line":205,"column":1}},"line":183},"19":{"name":"(anonymous_19)","decl":{"start":{"line":190,"column":20},"end":{"line":190,"column":21}},"loc":{"start":{"line":190,"column":32},"end":{"line":190,"column":48}},"line":190},"20":{"name":"(anonymous_20)","decl":{"start":{"line":207,"column":23},"end":{"line":207,"column":24}},"loc":{"start":{"line":207,"column":35},"end":{"line":221,"column":1}},"line":207},"21":{"name":"(anonymous_21)","decl":{"start":{"line":223,"column":33},"end":{"line":223,"column":34}},"loc":{"start":{"line":223,"column":45},"end":{"line":228,"column":1}},"line":223},"22":{"name":"assert","decl":{"start":{"line":230,"column":34},"end":{"line":230,"column":40}},"loc":{"start":{"line":230,"column":51},"end":{"line":351,"column":1}},"line":230},"23":{"name":"(anonymous_23)","decl":{"start":{"line":338,"column":21},"end":{"line":338,"column":22}},"loc":{"start":{"line":338,"column":33},"end":{"line":340,"column":13}},"line":338},"24":{"name":"(anonymous_24)","decl":{"start":{"line":353,"column":22},"end":{"line":353,"column":23}},"loc":{"start":{"line":353,"column":44},"end":{"line":359,"column":1}},"line":353},"25":{"name":"(anonymous_25)","decl":{"start":{"line":361,"column":22},"end":{"line":361,"column":23}},"loc":{"start":{"line":361,"column":44},"end":{"line":367,"column":1}},"line":361},"26":{"name":"(anonymous_26)","decl":{"start":{"line":369,"column":22},"end":{"line":369,"column":23}},"loc":{"start":{"line":369,"column":44},"end":{"line":376,"column":1}},"line":369},"27":{"name":"assert","decl":{"start":{"line":378,"column":9},"end":{"line":378,"column":15}},"loc":{"start":{"line":378,"column":35},"end":{"line":386,"column":1}},"line":378},"28":{"name":"notOK","decl":{"start":{"line":392,"column":9},"end":{"line":392,"column":14}},"loc":{"start":{"line":392,"column":34},"end":{"line":400,"column":1}},"line":392},"29":{"name":"error","decl":{"start":{"line":406,"column":9},"end":{"line":406,"column":14}},"loc":{"start":{"line":406,"column":32},"end":{"line":413,"column":1}},"line":406},"30":{"name":"strictEqual","decl":{"start":{"line":420,"column":9},"end":{"line":420,"column":20}},"loc":{"start":{"line":420,"column":39},"end":{"line":431,"column":1}},"line":420},"31":{"name":"notStrictEqual","decl":{"start":{"line":440,"column":9},"end":{"line":440,"column":23}},"loc":{"start":{"line":440,"column":42},"end":{"line":451,"column":1}},"line":440},"32":{"name":"looseEqual","decl":{"start":{"line":464,"column":9},"end":{"line":464,"column":19}},"loc":{"start":{"line":464,"column":38},"end":{"line":475,"column":1}},"line":464},"33":{"name":"notLooseEqual","decl":{"start":{"line":481,"column":9},"end":{"line":481,"column":22}},"loc":{"start":{"line":481,"column":41},"end":{"line":492,"column":1}},"line":481},"34":{"name":"tapeDeepEqual","decl":{"start":{"line":497,"column":9},"end":{"line":497,"column":22}},"loc":{"start":{"line":497,"column":41},"end":{"line":508,"column":1}},"line":497},"35":{"name":"notDeepEqual","decl":{"start":{"line":515,"column":9},"end":{"line":515,"column":21}},"loc":{"start":{"line":515,"column":40},"end":{"line":526,"column":1}},"line":515},"36":{"name":"deepLooseEqual","decl":{"start":{"line":538,"column":9},"end":{"line":538,"column":23}},"loc":{"start":{"line":538,"column":42},"end":{"line":549,"column":1}},"line":538},"37":{"name":"notDeepLooseEqual","decl":{"start":{"line":554,"column":9},"end":{"line":554,"column":26}},"loc":{"start":{"line":554,"column":45},"end":{"line":565,"column":1}},"line":554},"38":{"name":"(anonymous_38)","decl":{"start":{"line":569,"column":27},"end":{"line":569,"column":28}},"loc":{"start":{"line":569,"column":63},"end":{"line":633,"column":1}},"line":569},"39":{"name":"(anonymous_39)","decl":{"start":{"line":613,"column":32},"end":{"line":613,"column":33}},"loc":{"start":{"line":613,"column":47},"end":{"line":621,"column":13}},"line":613},"40":{"name":"(anonymous_40)","decl":{"start":{"line":635,"column":30},"end":{"line":635,"column":31}},"loc":{"start":{"line":635,"column":66},"end":{"line":655,"column":1}},"line":635},"41":{"name":"match","decl":{"start":{"line":657,"column":32},"end":{"line":657,"column":37}},"loc":{"start":{"line":657,"column":66},"end":{"line":677,"column":1}},"line":657},"42":{"name":"doesNotMatch","decl":{"start":{"line":679,"column":39},"end":{"line":679,"column":51}},"loc":{"start":{"line":679,"column":80},"end":{"line":698,"column":1}},"line":679},"43":{"name":"(anonymous_43)","decl":{"start":{"line":700,"column":12},"end":{"line":700,"column":13}},"loc":{"start":{"line":700,"column":41},"end":{"line":704,"column":1}},"line":700}},"branchMap":{"0":{"loc":{"start":{"line":22,"column":15},"end":{"line":24,"column":22}},"type":"cond-expr","locations":[{"start":{"line":23,"column":6},"end":{"line":23,"column":18}},{"start":{"line":24,"column":6},"end":{"line":24,"column":22}}],"line":22},"1":{"loc":{"start":{"line":38,"column":8},"end":{"line":44,"column":9}},"type":"if","locations":[{"start":{"line":38,"column":8},"end":{"line":44,"column":9}},{"start":{"line":38,"column":8},"end":{"line":44,"column":9}}],"line":38},"2":{"loc":{"start":{"line":40,"column":15},"end":{"line":44,"column":9}},"type":"if","locations":[{"start":{"line":40,"column":15},"end":{"line":44,"column":9}},{"start":{"line":40,"column":15},"end":{"line":44,"column":9}}],"line":40},"3":{"loc":{"start":{"line":41,"column":19},"end":{"line":41,"column":30}},"type":"binary-expr","locations":[{"start":{"line":41,"column":19},"end":{"line":41,"column":22}},{"start":{"line":41,"column":26},"end":{"line":41,"column":30}}],"line":41},"4":{"loc":{"start":{"line":42,"column":15},"end":{"line":44,"column":9}},"type":"if","locations":[{"start":{"line":42,"column":15},"end":{"line":44,"column":9}},{"start":{"line":42,"column":15},"end":{"line":44,"column":9}}],"line":42},"5":{"loc":{"start":{"line":50,"column":4},"end":{"line":52,"column":5}},"type":"if","locations":[{"start":{"line":50,"column":4},"end":{"line":52,"column":5}},{"start":{"line":50,"column":4},"end":{"line":52,"column":5}}],"line":50},"6":{"loc":{"start":{"line":57,"column":16},"end":{"line":57,"column":42}},"type":"binary-expr","locations":[{"start":{"line":57,"column":16},"end":{"line":57,"column":25}},{"start":{"line":57,"column":29},"end":{"line":57,"column":42}}],"line":57},"7":{"loc":{"start":{"line":60,"column":17},"end":{"line":60,"column":40}},"type":"binary-expr","locations":[{"start":{"line":60,"column":17},"end":{"line":60,"column":31}},{"start":{"line":60,"column":35},"end":{"line":60,"column":40}}],"line":60},"8":{"loc":{"start":{"line":61,"column":17},"end":{"line":61,"column":40}},"type":"binary-expr","locations":[{"start":{"line":61,"column":17},"end":{"line":61,"column":31}},{"start":{"line":61,"column":35},"end":{"line":61,"column":40}}],"line":61},"9":{"loc":{"start":{"line":68,"column":4},"end":{"line":78,"column":5}},"type":"if","locations":[{"start":{"line":68,"column":4},"end":{"line":78,"column":5}},{"start":{"line":68,"column":4},"end":{"line":78,"column":5}}],"line":68},"10":{"loc":{"start":{"line":70,"column":11},"end":{"line":78,"column":5}},"type":"if","locations":[{"start":{"line":70,"column":11},"end":{"line":78,"column":5}},{"start":{"line":70,"column":11},"end":{"line":78,"column":5}}],"line":70},"11":{"loc":{"start":{"line":71,"column":8},"end":{"line":75,"column":9}},"type":"if","locations":[{"start":{"line":71,"column":8},"end":{"line":75,"column":9}},{"start":{"line":71,"column":8},"end":{"line":75,"column":9}}],"line":71},"12":{"loc":{"start":{"line":82,"column":12},"end":{"line":86,"column":13}},"type":"if","locations":[{"start":{"line":82,"column":12},"end":{"line":86,"column":13}},{"start":{"line":82,"column":12},"end":{"line":86,"column":13}}],"line":82},"13":{"loc":{"start":{"line":94,"column":4},"end":{"line":96,"column":5}},"type":"if","locations":[{"start":{"line":94,"column":4},"end":{"line":96,"column":5}},{"start":{"line":94,"column":4},"end":{"line":96,"column":5}}],"line":94},"14":{"loc":{"start":{"line":94,"column":8},"end":{"line":94,"column":31}},"type":"binary-expr","locations":[{"start":{"line":94,"column":8},"end":{"line":94,"column":17}},{"start":{"line":94,"column":21},"end":{"line":94,"column":31}}],"line":94},"15":{"loc":{"start":{"line":97,"column":4},"end":{"line":99,"column":5}},"type":"if","locations":[{"start":{"line":97,"column":4},"end":{"line":99,"column":5}},{"start":{"line":97,"column":4},"end":{"line":99,"column":5}}],"line":97},"16":{"loc":{"start":{"line":103,"column":4},"end":{"line":118,"column":5}},"type":"if","locations":[{"start":{"line":103,"column":4},"end":{"line":118,"column":5}},{"start":{"line":103,"column":4},"end":{"line":118,"column":5}}],"line":103},"17":{"loc":{"start":{"line":104,"column":8},"end":{"line":106,"column":49}},"type":"binary-expr","locations":[{"start":{"line":104,"column":8},"end":{"line":104,"column":37}},{"start":{"line":105,"column":8},"end":{"line":105,"column":22}},{"start":{"line":106,"column":8},"end":{"line":106,"column":49}}],"line":104},"18":{"loc":{"start":{"line":110,"column":12},"end":{"line":112,"column":13}},"type":"if","locations":[{"start":{"line":110,"column":12},"end":{"line":112,"column":13}},{"start":{"line":110,"column":12},"end":{"line":112,"column":13}}],"line":110},"19":{"loc":{"start":{"line":133,"column":4},"end":{"line":137,"column":5}},"type":"if","locations":[{"start":{"line":133,"column":4},"end":{"line":137,"column":5}},{"start":{"line":133,"column":4},"end":{"line":137,"column":5}}],"line":133},"20":{"loc":{"start":{"line":140,"column":8},"end":{"line":142,"column":9}},"type":"if","locations":[{"start":{"line":140,"column":8},"end":{"line":142,"column":9}},{"start":{"line":140,"column":8},"end":{"line":142,"column":9}}],"line":140},"21":{"loc":{"start":{"line":140,"column":12},"end":{"line":140,"column":68}},"type":"binary-expr","locations":[{"start":{"line":140,"column":12},"end":{"line":140,"column":23}},{"start":{"line":140,"column":27},"end":{"line":140,"column":68}}],"line":140},"22":{"loc":{"start":{"line":159,"column":4},"end":{"line":159,"column":65}},"type":"if","locations":[{"start":{"line":159,"column":4},"end":{"line":159,"column":65}},{"start":{"line":159,"column":4},"end":{"line":159,"column":65}}],"line":159},"23":{"loc":{"start":{"line":172,"column":4},"end":{"line":174,"column":5}},"type":"if","locations":[{"start":{"line":172,"column":4},"end":{"line":174,"column":5}},{"start":{"line":172,"column":4},"end":{"line":174,"column":5}}],"line":172},"24":{"loc":{"start":{"line":172,"column":8},"end":{"line":172,"column":38}},"type":"binary-expr","locations":[{"start":{"line":172,"column":8},"end":{"line":172,"column":29}},{"start":{"line":172,"column":33},"end":{"line":172,"column":38}}],"line":172},"25":{"loc":{"start":{"line":176,"column":4},"end":{"line":178,"column":5}},"type":"if","locations":[{"start":{"line":176,"column":4},"end":{"line":178,"column":5}},{"start":{"line":176,"column":4},"end":{"line":178,"column":5}}],"line":176},"26":{"loc":{"start":{"line":186,"column":4},"end":{"line":186,"column":82}},"type":"if","locations":[{"start":{"line":186,"column":4},"end":{"line":186,"column":82}},{"start":{"line":186,"column":4},"end":{"line":186,"column":82}}],"line":186},"27":{"loc":{"start":{"line":186,"column":8},"end":{"line":186,"column":47}},"type":"binary-expr","locations":[{"start":{"line":186,"column":8},"end":{"line":186,"column":17}},{"start":{"line":186,"column":21},"end":{"line":186,"column":32}},{"start":{"line":186,"column":36},"end":{"line":186,"column":47}}],"line":186},"28":{"loc":{"start":{"line":188,"column":4},"end":{"line":193,"column":5}},"type":"if","locations":[{"start":{"line":188,"column":4},"end":{"line":193,"column":5}},{"start":{"line":188,"column":4},"end":{"line":193,"column":5}}],"line":188},"29":{"loc":{"start":{"line":195,"column":4},"end":{"line":195,"column":38}},"type":"if","locations":[{"start":{"line":195,"column":4},"end":{"line":195,"column":38}},{"start":{"line":195,"column":4},"end":{"line":195,"column":38}}],"line":195},"30":{"loc":{"start":{"line":197,"column":4},"end":{"line":203,"column":5}},"type":"if","locations":[{"start":{"line":197,"column":4},"end":{"line":203,"column":5}},{"start":{"line":197,"column":4},"end":{"line":203,"column":5}}],"line":197},"31":{"loc":{"start":{"line":197,"column":8},"end":{"line":197,"column":70}},"type":"binary-expr","locations":[{"start":{"line":197,"column":8},"end":{"line":197,"column":24}},{"start":{"line":197,"column":28},"end":{"line":197,"column":52}},{"start":{"line":197,"column":56},"end":{"line":197,"column":70}}],"line":197},"32":{"loc":{"start":{"line":208,"column":4},"end":{"line":220,"column":5}},"type":"if","locations":[{"start":{"line":208,"column":4},"end":{"line":220,"column":5}},{"start":{"line":208,"column":4},"end":{"line":220,"column":5}}],"line":208},"33":{"loc":{"start":{"line":208,"column":8},"end":{"line":209,"column":59}},"type":"binary-expr","locations":[{"start":{"line":208,"column":8},"end":{"line":208,"column":32}},{"start":{"line":209,"column":8},"end":{"line":209,"column":24}},{"start":{"line":209,"column":28},"end":{"line":209,"column":59}}],"line":208},"34":{"loc":{"start":{"line":216,"column":11},"end":{"line":220,"column":5}},"type":"if","locations":[{"start":{"line":216,"column":11},"end":{"line":220,"column":5}},{"start":{"line":216,"column":11},"end":{"line":220,"column":5}}],"line":216},"35":{"loc":{"start":{"line":224,"column":4},"end":{"line":226,"column":5}},"type":"if","locations":[{"start":{"line":224,"column":4},"end":{"line":226,"column":5}},{"start":{"line":224,"column":4},"end":{"line":226,"column":5}}],"line":224},"36":{"loc":{"start":{"line":232,"column":16},"end":{"line":232,"column":32}},"type":"binary-expr","locations":[{"start":{"line":232,"column":16},"end":{"line":232,"column":26}},{"start":{"line":232,"column":30},"end":{"line":232,"column":32}}],"line":232},"37":{"loc":{"start":{"line":234,"column":9},"end":{"line":234,"column":29}},"type":"binary-expr","locations":[{"start":{"line":234,"column":9},"end":{"line":234,"column":13}},{"start":{"line":234,"column":17},"end":{"line":234,"column":29}}],"line":234},"38":{"loc":{"start":{"line":237,"column":4},"end":{"line":240,"column":5}},"type":"if","locations":[{"start":{"line":237,"column":4},"end":{"line":240,"column":5}},{"start":{"line":237,"column":4},"end":{"line":240,"column":5}}],"line":237},"39":{"loc":{"start":{"line":237,"column":8},"end":{"line":237,"column":50}},"type":"binary-expr","locations":[{"start":{"line":237,"column":8},"end":{"line":237,"column":22}},{"start":{"line":237,"column":26},"end":{"line":237,"column":50}}],"line":237},"40":{"loc":{"start":{"line":251,"column":4},"end":{"line":253,"column":5}},"type":"if","locations":[{"start":{"line":251,"column":4},"end":{"line":253,"column":5}},{"start":{"line":251,"column":4},"end":{"line":253,"column":5}}],"line":251},"41":{"loc":{"start":{"line":251,"column":8},"end":{"line":251,"column":51}},"type":"binary-expr","locations":[{"start":{"line":251,"column":8},"end":{"line":251,"column":27}},{"start":{"line":251,"column":31},"end":{"line":251,"column":51}}],"line":251},"42":{"loc":{"start":{"line":254,"column":4},"end":{"line":256,"column":5}},"type":"if","locations":[{"start":{"line":254,"column":4},"end":{"line":256,"column":5}},{"start":{"line":254,"column":4},"end":{"line":256,"column":5}}],"line":254},"43":{"loc":{"start":{"line":254,"column":8},"end":{"line":254,"column":55}},"type":"binary-expr","locations":[{"start":{"line":254,"column":8},"end":{"line":254,"column":29}},{"start":{"line":254,"column":33},"end":{"line":254,"column":55}}],"line":254},"44":{"loc":{"start":{"line":257,"column":18},"end":{"line":257,"column":32}},"type":"binary-expr","locations":[{"start":{"line":257,"column":18},"end":{"line":257,"column":26}},{"start":{"line":257,"column":30},"end":{"line":257,"column":32}}],"line":257},"45":{"loc":{"start":{"line":259,"column":4},"end":{"line":261,"column":5}},"type":"if","locations":[{"start":{"line":259,"column":4},"end":{"line":261,"column":5}},{"start":{"line":259,"column":4},"end":{"line":261,"column":5}}],"line":259},"46":{"loc":{"start":{"line":259,"column":8},"end":{"line":259,"column":24}},"type":"binary-expr","locations":[{"start":{"line":259,"column":8},"end":{"line":259,"column":11}},{"start":{"line":259,"column":15},"end":{"line":259,"column":24}}],"line":259},"47":{"loc":{"start":{"line":263,"column":4},"end":{"line":329,"column":5}},"type":"if","locations":[{"start":{"line":263,"column":4},"end":{"line":329,"column":5}},{"start":{"line":263,"column":4},"end":{"line":329,"column":5}}],"line":263},"48":{"loc":{"start":{"line":265,"column":19},"end":{"line":265,"column":32}},"type":"binary-expr","locations":[{"start":{"line":265,"column":19},"end":{"line":265,"column":26}},{"start":{"line":265,"column":30},"end":{"line":265,"column":32}}],"line":265},"49":{"loc":{"start":{"line":308,"column":12},"end":{"line":310,"column":13}},"type":"if","locations":[{"start":{"line":308,"column":12},"end":{"line":310,"column":13}},{"start":{"line":308,"column":12},"end":{"line":310,"column":13}}],"line":308},"50":{"loc":{"start":{"line":312,"column":34},"end":{"line":312,"column":55}},"type":"binary-expr","locations":[{"start":{"line":312,"column":34},"end":{"line":312,"column":38}},{"start":{"line":312,"column":42},"end":{"line":312,"column":55}}],"line":312},"51":{"loc":{"start":{"line":315,"column":12},"end":{"line":317,"column":13}},"type":"if","locations":[{"start":{"line":315,"column":12},"end":{"line":317,"column":13}},{"start":{"line":315,"column":12},"end":{"line":317,"column":13}}],"line":315},"52":{"loc":{"start":{"line":324,"column":12},"end":{"line":324,"column":48}},"type":"if","locations":[{"start":{"line":324,"column":12},"end":{"line":324,"column":48}},{"start":{"line":324,"column":12},"end":{"line":324,"column":48}}],"line":324},"53":{"loc":{"start":{"line":334,"column":4},"end":{"line":342,"column":5}},"type":"if","locations":[{"start":{"line":334,"column":4},"end":{"line":342,"column":5}},{"start":{"line":334,"column":4},"end":{"line":342,"column":5}}],"line":334},"54":{"loc":{"start":{"line":335,"column":8},"end":{"line":341,"column":9}},"type":"if","locations":[{"start":{"line":335,"column":8},"end":{"line":341,"column":9}},{"start":{"line":335,"column":8},"end":{"line":341,"column":9}}],"line":335},"55":{"loc":{"start":{"line":344,"column":4},"end":{"line":350,"column":5}},"type":"if","locations":[{"start":{"line":344,"column":4},"end":{"line":350,"column":5}},{"start":{"line":344,"column":4},"end":{"line":350,"column":5}}],"line":344},"56":{"loc":{"start":{"line":344,"column":8},"end":{"line":344,"column":46}},"type":"binary-expr","locations":[{"start":{"line":344,"column":8},"end":{"line":344,"column":24}},{"start":{"line":344,"column":28},"end":{"line":344,"column":46}}],"line":344},"57":{"loc":{"start":{"line":421,"column":4},"end":{"line":423,"column":5}},"type":"if","locations":[{"start":{"line":421,"column":4},"end":{"line":423,"column":5}},{"start":{"line":421,"column":4},"end":{"line":423,"column":5}}],"line":421},"58":{"loc":{"start":{"line":441,"column":4},"end":{"line":443,"column":5}},"type":"if","locations":[{"start":{"line":441,"column":4},"end":{"line":443,"column":5}},{"start":{"line":441,"column":4},"end":{"line":443,"column":5}}],"line":441},"59":{"loc":{"start":{"line":465,"column":4},"end":{"line":467,"column":5}},"type":"if","locations":[{"start":{"line":465,"column":4},"end":{"line":467,"column":5}},{"start":{"line":465,"column":4},"end":{"line":467,"column":5}}],"line":465},"60":{"loc":{"start":{"line":482,"column":4},"end":{"line":484,"column":5}},"type":"if","locations":[{"start":{"line":482,"column":4},"end":{"line":484,"column":5}},{"start":{"line":482,"column":4},"end":{"line":484,"column":5}}],"line":482},"61":{"loc":{"start":{"line":498,"column":4},"end":{"line":500,"column":5}},"type":"if","locations":[{"start":{"line":498,"column":4},"end":{"line":500,"column":5}},{"start":{"line":498,"column":4},"end":{"line":500,"column":5}}],"line":498},"62":{"loc":{"start":{"line":516,"column":4},"end":{"line":518,"column":5}},"type":"if","locations":[{"start":{"line":516,"column":4},"end":{"line":518,"column":5}},{"start":{"line":516,"column":4},"end":{"line":518,"column":5}}],"line":516},"63":{"loc":{"start":{"line":539,"column":4},"end":{"line":541,"column":5}},"type":"if","locations":[{"start":{"line":539,"column":4},"end":{"line":541,"column":5}},{"start":{"line":539,"column":4},"end":{"line":541,"column":5}}],"line":539},"64":{"loc":{"start":{"line":555,"column":4},"end":{"line":557,"column":5}},"type":"if","locations":[{"start":{"line":555,"column":4},"end":{"line":557,"column":5}},{"start":{"line":555,"column":4},"end":{"line":557,"column":5}}],"line":555},"65":{"loc":{"start":{"line":570,"column":4},"end":{"line":573,"column":5}},"type":"if","locations":[{"start":{"line":570,"column":4},"end":{"line":573,"column":5}},{"start":{"line":570,"column":4},"end":{"line":573,"column":5}}],"line":570},"66":{"loc":{"start":{"line":581,"column":8},"end":{"line":585,"column":9}},"type":"if","locations":[{"start":{"line":581,"column":8},"end":{"line":585,"column":9}},{"start":{"line":581,"column":8},"end":{"line":585,"column":9}}],"line":581},"67":{"loc":{"start":{"line":581,"column":12},"end":{"line":581,"column":90}},"type":"binary-expr","locations":[{"start":{"line":581,"column":12},"end":{"line":581,"column":31}},{"start":{"line":581,"column":36},"end":{"line":581,"column":65}},{"start":{"line":581,"column":69},"end":{"line":581,"column":89}}],"line":581},"68":{"loc":{"start":{"line":590,"column":4},"end":{"line":623,"column":5}},"type":"if","locations":[{"start":{"line":590,"column":4},"end":{"line":623,"column":5}},{"start":{"line":590,"column":4},"end":{"line":623,"column":5}}],"line":590},"69":{"loc":{"start":{"line":591,"column":8},"end":{"line":593,"column":9}},"type":"if","locations":[{"start":{"line":591,"column":8},"end":{"line":593,"column":9}},{"start":{"line":591,"column":8},"end":{"line":593,"column":9}}],"line":591},"70":{"loc":{"start":{"line":591,"column":12},"end":{"line":591,"column":93}},"type":"binary-expr","locations":[{"start":{"line":591,"column":12},"end":{"line":591,"column":40}},{"start":{"line":591,"column":44},"end":{"line":591,"column":56}},{"start":{"line":591,"column":60},"end":{"line":591,"column":93}}],"line":591},"71":{"loc":{"start":{"line":594,"column":8},"end":{"line":622,"column":9}},"type":"if","locations":[{"start":{"line":594,"column":8},"end":{"line":622,"column":9}},{"start":{"line":594,"column":8},"end":{"line":622,"column":9}}],"line":594},"72":{"loc":{"start":{"line":595,"column":12},"end":{"line":601,"column":13}},"type":"if","locations":[{"start":{"line":595,"column":12},"end":{"line":601,"column":13}},{"start":{"line":595,"column":12},"end":{"line":601,"column":13}}],"line":595},"73":{"loc":{"start":{"line":595,"column":16},"end":{"line":595,"column":93}},"type":"binary-expr","locations":[{"start":{"line":595,"column":16},"end":{"line":595,"column":57}},{"start":{"line":595,"column":61},"end":{"line":595,"column":93}}],"line":595},"74":{"loc":{"start":{"line":597,"column":19},"end":{"line":601,"column":13}},"type":"if","locations":[{"start":{"line":597,"column":19},"end":{"line":601,"column":13}},{"start":{"line":597,"column":19},"end":{"line":601,"column":13}}],"line":597},"75":{"loc":{"start":{"line":602,"column":15},"end":{"line":622,"column":9}},"type":"if","locations":[{"start":{"line":602,"column":15},"end":{"line":622,"column":9}},{"start":{"line":602,"column":15},"end":{"line":622,"column":9}}],"line":602},"76":{"loc":{"start":{"line":605,"column":15},"end":{"line":622,"column":9}},"type":"if","locations":[{"start":{"line":605,"column":15},"end":{"line":622,"column":9}},{"start":{"line":605,"column":15},"end":{"line":622,"column":9}}],"line":605},"77":{"loc":{"start":{"line":605,"column":19},"end":{"line":605,"column":59}},"type":"binary-expr","locations":[{"start":{"line":605,"column":19},"end":{"line":605,"column":27}},{"start":{"line":605,"column":31},"end":{"line":605,"column":59}}],"line":605},"78":{"loc":{"start":{"line":608,"column":12},"end":{"line":612,"column":13}},"type":"if","locations":[{"start":{"line":608,"column":12},"end":{"line":612,"column":13}},{"start":{"line":608,"column":12},"end":{"line":612,"column":13}}],"line":608},"79":{"loc":{"start":{"line":610,"column":19},"end":{"line":612,"column":13}},"type":"if","locations":[{"start":{"line":610,"column":19},"end":{"line":612,"column":13}},{"start":{"line":610,"column":19},"end":{"line":612,"column":13}}],"line":610},"80":{"loc":{"start":{"line":614,"column":16},"end":{"line":616,"column":17}},"type":"if","locations":[{"start":{"line":614,"column":16},"end":{"line":616,"column":17}},{"start":{"line":614,"column":16},"end":{"line":616,"column":17}}],"line":614},"81":{"loc":{"start":{"line":614,"column":20},"end":{"line":614,"column":125}},"type":"binary-expr","locations":[{"start":{"line":614,"column":20},"end":{"line":614,"column":57}},{"start":{"line":614,"column":61},"end":{"line":614,"column":84}},{"start":{"line":614,"column":88},"end":{"line":614,"column":125}}],"line":614},"82":{"loc":{"start":{"line":617,"column":16},"end":{"line":619,"column":17}},"type":"if","locations":[{"start":{"line":617,"column":16},"end":{"line":619,"column":17}},{"start":{"line":617,"column":16},"end":{"line":619,"column":17}}],"line":617},"83":{"loc":{"start":{"line":617,"column":20},"end":{"line":617,"column":104}},"type":"binary-expr","locations":[{"start":{"line":617,"column":20},"end":{"line":617,"column":39}},{"start":{"line":617,"column":43},"end":{"line":617,"column":104}}],"line":617},"84":{"loc":{"start":{"line":628,"column":16},"end":{"line":628,"column":38}},"type":"binary-expr","locations":[{"start":{"line":628,"column":16},"end":{"line":628,"column":22}},{"start":{"line":628,"column":26},"end":{"line":628,"column":38}}],"line":628},"85":{"loc":{"start":{"line":630,"column":15},"end":{"line":630,"column":48}},"type":"binary-expr","locations":[{"start":{"line":630,"column":15},"end":{"line":630,"column":22}},{"start":{"line":630,"column":26},"end":{"line":630,"column":32}},{"start":{"line":630,"column":36},"end":{"line":630,"column":48}}],"line":630},"86":{"loc":{"start":{"line":636,"column":4},"end":{"line":639,"column":5}},"type":"if","locations":[{"start":{"line":636,"column":4},"end":{"line":639,"column":5}},{"start":{"line":636,"column":4},"end":{"line":639,"column":5}}],"line":636},"87":{"loc":{"start":{"line":650,"column":16},"end":{"line":650,"column":38}},"type":"binary-expr","locations":[{"start":{"line":650,"column":16},"end":{"line":650,"column":22}},{"start":{"line":650,"column":26},"end":{"line":650,"column":38}}],"line":650},"88":{"loc":{"start":{"line":652,"column":15},"end":{"line":652,"column":37}},"type":"binary-expr","locations":[{"start":{"line":652,"column":15},"end":{"line":652,"column":21}},{"start":{"line":652,"column":25},"end":{"line":652,"column":37}}],"line":652},"89":{"loc":{"start":{"line":658,"column":4},"end":{"line":660,"column":5}},"type":"if","locations":[{"start":{"line":658,"column":4},"end":{"line":660,"column":5}},{"start":{"line":658,"column":4},"end":{"line":660,"column":5}}],"line":658},"90":{"loc":{"start":{"line":661,"column":4},"end":{"line":663,"column":5}},"type":"if","locations":[{"start":{"line":661,"column":4},"end":{"line":663,"column":5}},{"start":{"line":661,"column":4},"end":{"line":663,"column":5}}],"line":661},"91":{"loc":{"start":{"line":668,"column":24},"end":{"line":668,"column":61}},"type":"cond-expr","locations":[{"start":{"line":668,"column":34},"end":{"line":668,"column":43}},{"start":{"line":668,"column":46},"end":{"line":668,"column":61}}],"line":668},"92":{"loc":{"start":{"line":680,"column":4},"end":{"line":682,"column":5}},"type":"if","locations":[{"start":{"line":680,"column":4},"end":{"line":682,"column":5}},{"start":{"line":680,"column":4},"end":{"line":682,"column":5}}],"line":680},"93":{"loc":{"start":{"line":683,"column":4},"end":{"line":685,"column":5}},"type":"if","locations":[{"start":{"line":683,"column":4},"end":{"line":685,"column":5}},{"start":{"line":683,"column":4},"end":{"line":685,"column":5}}],"line":683},"94":{"loc":{"start":{"line":689,"column":24},"end":{"line":689,"column":79}},"type":"cond-expr","locations":[{"start":{"line":689,"column":34},"end":{"line":689,"column":61}},{"start":{"line":689,"column":64},"end":{"line":689,"column":79}}],"line":689}},"s":{"0":1,"1":1,"2":1,"3":1,"4":1,"5":1,"6":1,"7":1,"8":1,"9":1,"10":1,"11":1,"12":1,"13":1,"14":1,"15":1,"16":1,"17":1,"18":1,"19":1,"20":1,"21":1,"22":1,"23":1,"24":1,"25":1,"26":3,"27":3,"28":3,"29":1,"30":2,"31":0,"32":2,"33":1,"34":1,"35":1,"36":0,"37":1,"38":1,"39":1,"40":1,"41":1,"42":1,"43":1,"44":1,"45":1,"46":1,"47":1,"48":1,"49":1,"50":1,"51":0,"52":1,"53":0,"54":0,"55":0,"56":1,"57":1,"58":91,"59":91,"60":77,"61":28,"62":14,"63":1,"64":1,"65":1,"66":0,"67":1,"68":0,"69":1,"70":1,"71":0,"72":0,"73":0,"74":0,"75":0,"76":0,"77":0,"78":1,"79":1,"80":0,"81":0,"82":0,"83":0,"84":0,"85":0,"86":0,"87":0,"88":0,"89":0,"90":0,"91":0,"92":0,"93":1,"94":0,"95":0,"96":0,"97":1,"98":1,"99":1,"100":1,"101":0,"102":0,"103":0,"104":0,"105":0,"106":0,"107":0,"108":0,"109":1,"110":1,"111":1,"112":0,"113":1,"114":0,"115":1,"116":1,"117":1,"118":2,"119":2,"120":0,"121":2,"122":0,"123":0,"124":0,"125":0,"126":0,"127":2,"128":1,"129":2,"130":2,"131":0,"132":0,"133":2,"134":1,"135":1,"136":0,"137":0,"138":1,"139":0,"140":1,"141":4,"142":0,"143":4,"144":1,"145":2,"146":2,"147":2,"148":2,"149":2,"150":0,"151":0,"152":2,"153":2,"154":2,"155":2,"156":2,"157":2,"158":2,"159":0,"160":2,"161":0,"162":0,"163":0,"164":0,"165":0,"166":0,"167":0,"168":0,"169":0,"170":0,"171":0,"172":0,"173":0,"174":0,"175":0,"176":0,"177":0,"178":0,"179":0,"180":0,"181":0,"182":2,"183":2,"184":2,"185":1,"186":0,"187":1,"188":1,"189":2,"190":0,"191":0,"192":1,"193":0,"194":1,"195":0,"196":1,"197":0,"198":0,"199":1,"200":0,"201":1,"202":0,"203":1,"204":1,"205":0,"206":1,"207":1,"208":0,"209":0,"210":0,"211":1,"212":0,"213":0,"214":0,"215":1,"216":0,"217":0,"218":0,"219":1,"220":1,"221":0,"222":1,"223":1,"224":0,"225":0,"226":0,"227":1,"228":0,"229":0,"230":0,"231":1,"232":0,"233":0,"234":0,"235":1,"236":1,"237":0,"238":0,"239":0,"240":0,"241":0,"242":0,"243":0,"244":0,"245":0,"246":0,"247":0,"248":0,"249":0,"250":0,"251":0,"252":0,"253":0,"254":0,"255":0,"256":0,"257":0,"258":0,"259":0,"260":0,"261":0,"262":0,"263":0,"264":0,"265":0,"266":0,"267":0,"268":0,"269":0,"270":0,"271":0,"272":0,"273":0,"274":1,"275":0,"276":0,"277":0,"278":0,"279":0,"280":0,"281":0,"282":0,"283":1,"284":0,"285":0,"286":0,"287":0,"288":0,"289":0,"290":0,"291":1,"292":0,"293":0,"294":0,"295":0,"296":0,"297":0,"298":0,"299":1,"300":0,"301":0,"302":0},"f":{"0":1,"1":1,"2":91,"3":28,"4":1,"5":0,"6":0,"7":0,"8":0,"9":0,"10":0,"11":0,"12":0,"13":1,"14":0,"15":0,"16":0,"17":1,"18":2,"19":0,"20":1,"21":4,"22":2,"23":1,"24":0,"25":0,"26":0,"27":0,"28":0,"29":0,"30":1,"31":0,"32":0,"33":0,"34":1,"35":0,"36":0,"37":0,"38":0,"39":0,"40":0,"41":0,"42":0,"43":0},"b":{"0":[1,0],"1":[1,2],"2":[0,2],"3":[0,0],"4":[1,1],"5":[0,1],"6":[1,0],"7":[1,1],"8":[1,1],"9":[0,1],"10":[0,1],"11":[0,0],"12":[77,14],"13":[0,1],"14":[1,1],"15":[0,1],"16":[0,1],"17":[1,1,0],"18":[0,0],"19":[0,0],"20":[0,0],"21":[0,0],"22":[0,0],"23":[0,1],"24":[1,0],"25":[0,1],"26":[0,2],"27":[2,0,0],"28":[0,2],"29":[1,1],"30":[0,2],"31":[2,2,2],"32":[0,1],"33":[1,1,1],"34":[0,1],"35":[0,4],"36":[2,2],"37":[2,0],"38":[0,2],"39":[2,0],"40":[2,0],"41":[2,0],"42":[2,0],"43":[2,0],"44":[2,2],"45":[0,2],"46":[2,0],"47":[0,2],"48":[0,0],"49":[0,0],"50":[0,0],"51":[0,0],"52":[0,0],"53":[1,1],"54":[0,1],"55":[0,2],"56":[2,2],"57":[0,1],"58":[0,0],"59":[0,0],"60":[0,0],"61":[0,1],"62":[0,0],"63":[0,0],"64":[0,0],"65":[0,0],"66":[0,0],"67":[0,0,0],"68":[0,0],"69":[0,0],"70":[0,0,0],"71":[0,0],"72":[0,0],"73":[0,0],"74":[0,0],"75":[0,0],"76":[0,0],"77":[0,0],"78":[0,0],"79":[0,0],"80":[0,0],"81":[0,0,0],"82":[0,0],"83":[0,0],"84":[0,0],"85":[0,0,0],"86":[0,0],"87":[0,0],"88":[0,0],"89":[0,0],"90":[0,0],"91":[0,0],"92":[0,0],"93":[0,0],"94":[0,0]},"_coverageSchema":"43e27e138ebf9cfc5966b082cf9a028302ed4184","hash":"32d2841732a7cfe92e230ed752db7a94004a6784","contentHash":"aa62c7b3a488cd1e50641bbe0adc9748c1b50ed9fed8e2961320263c2295903d"},"/mnt/common/github/tape/lib/results.js":{"path":"/mnt/common/github/tape/lib/results.js","statementMap":{"0":{"start":{"line":3,"column":14},"end":{"line":3,"column":32}},"1":{"start":{"line":4,"column":19},"end":{"line":4,"column":49}},"2":{"start":{"line":5,"column":15},"end":{"line":5,"column":34}},"3":{"start":{"line":6,"column":14},"end":{"line":6,"column":32}},"4":{"start":{"line":7,"column":14},"end":{"line":7,"column":32}},"5":{"start":{"line":8,"column":14},"end":{"line":8,"column":39}},"6":{"start":{"line":9,"column":11},"end":{"line":9,"column":35}},"7":{"start":{"line":10,"column":10},"end":{"line":10,"column":24}},"8":{"start":{"line":11,"column":17},"end":{"line":11,"column":64}},"9":{"start":{"line":12,"column":21},"end":{"line":12,"column":29}},"10":{"start":{"line":13,"column":15},"end":{"line":15,"column":22}},"11":{"start":{"line":18,"column":0},"end":{"line":18,"column":25}},"12":{"start":{"line":19,"column":0},"end":{"line":19,"column":32}},"13":{"start":{"line":22,"column":4},"end":{"line":22,"column":44}},"14":{"start":{"line":26,"column":4},"end":{"line":26,"column":55}},"15":{"start":{"line":26,"column":36},"end":{"line":26,"column":55}},"16":{"start":{"line":27,"column":4},"end":{"line":27,"column":19}},"17":{"start":{"line
[...]
,"column":8},"end":{"line":128,"column":9}},"89":{"start":{"line":124,"column":32},"end":{"line":124,"column":45}},"90":{"start":{"line":126,"column":12},"end":{"line":126,"column":25}},"91":{"start":{"line":127,"column":12},"end":{"line":127,"column":30}},"92":{"start":{"line":131,"column":4},"end":{"line":131,"column":53}},"93":{"start":{"line":131,"column":33},"end":{"line":131,"column":49}},"94":{"start":{"line":134,"column":0},"end":{"line":148,"column":2}},"95":{"start":{"line":135,"column":15},"end":{"line":135,"column":19}},"96":{"start":{"line":136,"column":4},"end":{"line":136,"column":77}},"97":{"start":{"line":136,"column":21},"end":{"line":136,"column":77}},"98":{"start":{"line":137,"column":4},"end":{"line":137,"column":23}},"99":{"start":{"line":138,"column":16},"end":{"line":138,"column":55}},"100":{"start":{"line":138,"column":31},"end":{"line":138,"column":53}},"101":{"start":{"line":140,"column":4},"end":{"line":140,"column":39}},"102":{"start":{"line":141,"column":4},"end":{"line":141,"column":42}},"103":{"start":{"line":142,"column":4},"end":{"line":142,"column":55}},"104":{"start":{"line":143,"column":4},"end":{"line":143,"column":56}},"105":{"start":{"line":143,"column":19},"end":{"line":143,"column":56}},"106":{"start":{"line":144,"column":4},"end":{"line":145,"column":27}},"107":{"start":{"line":144,"column":19},"end":{"line":144,"column":56}},"108":{"start":{"line":145,"column":9},"end":{"line":145,"column":27}},"109":{"start":{"line":147,"column":4},"end":{"line":147,"column":29}},"110":{"start":{"line":151,"column":17},"end":{"line":151,"column":19}},"111":{"start":{"line":152,"column":4},"end":{"line":152,"column":51}},"112":{"start":{"line":153,"column":4},"end":{"line":153,"column":66}},"113":{"start":{"line":155,"column":4},"end":{"line":159,"column":5}},"114":{"start":{"line":156,"column":8},"end":{"line":156,"column":106}},"115":{"start":{"line":157,"column":11},"end":{"line":159,"column":5}},"116":{"start":{"line":158,"column":8},"end":{"line":158,"column":106}},"117":{"start":{"line":161,"column":4},"end":{"line":161,"column":19}},"118":{"start":{"line":162,"column":4},"end":{"line":162,"column":30}},"119":{"start":{"line":162,"column":16},"end":{"line":162,"column":30}},"120":{"start":{"line":164,"column":16},"end":{"line":164,"column":20}},"121":{"start":{"line":165,"column":16},"end":{"line":165,"column":28}},"122":{"start":{"line":166,"column":4},"end":{"line":166,"column":30}},"123":{"start":{"line":167,"column":4},"end":{"line":167,"column":57}},"124":{"start":{"line":169,"column":4},"end":{"line":180,"column":5}},"125":{"start":{"line":170,"column":17},"end":{"line":170,"column":69}},"126":{"start":{"line":171,"column":17},"end":{"line":171,"column":67}},"127":{"start":{"line":173,"column":8},"end":{"line":179,"column":9}},"128":{"start":{"line":174,"column":12},"end":{"line":174,"column":74}},"129":{"start":{"line":175,"column":12},"end":{"line":175,"column":72}},"130":{"start":{"line":177,"column":12},"end":{"line":177,"column":55}},"131":{"start":{"line":178,"column":12},"end":{"line":178,"column":55}},"132":{"start":{"line":181,"column":4},"end":{"line":183,"column":5}},"133":{"start":{"line":182,"column":8},"end":{"line":182,"column":49}},"134":{"start":{"line":185,"column":22},"end":{"line":185,"column":135}},"135":{"start":{"line":186,"column":21},"end":{"line":186,"column":49}},"136":{"start":{"line":187,"column":16},"end":{"line":187,"column":48}},"137":{"start":{"line":188,"column":4},"end":{"line":194,"column":5}},"138":{"start":{"line":189,"column":20},"end":{"line":189,"column":45}},"139":{"start":{"line":190,"column":8},"end":{"line":190,"column":40}},"140":{"start":{"line":191,"column":8},"end":{"line":193,"column":9}},"141":{"start":{"line":191,"column":21},"end":{"line":191,"column":22}},"142":{"start":{"line":192,"column":12},"end":{"line":192,"column":53}},"143":{"start":{"line":196,"column":4},"end":{"line":196,"column":30}},"144":{"start":{"line":197,"column":4},"end":{"line":197,"column":18}},"145":{"start":{"line":201,"column":4},"end":{"line":203,"column":5}},"146":{"start":{"line":202,"column":8},"end":{"line":202,"column":37}},"147":{"start":{"line":205,"column":4},"end":{"line":211,"column":41}},"148":{"start":{"line":206,"column":16},"end":{"line":206,"column":37}},"149":{"start":{"line":207,"column":8},"end":{"line":207,"column":25}},"150":{"start":{"line":207,"column":16},"end":{"line":207,"column":25}},"151":{"start":{"line":208,"column":8},"end":{"line":210,"column":9}},"152":{"start":{"line":209,"column":12},"end":{"line":209,"column":21}},"153":{"start":{"line":215,"column":4},"end":{"line":215,"column":43}}},"fnMap":{"0":{"name":"coalesceWhiteSpaces","decl":{"start":{"line":21,"column":9},"end":{"line":21,"column":28}},"loc":{"start":{"line":21,"column":34},"end":{"line":23,"column":1}},"line":21},"1":{"name":"Results","decl":{"start":{"line":25,"column":9},"end":{"line":25,"column":16}},"loc":{"start":{"line":25,"column":19},"end":{"line":35,"column":1}},"line":25},"2":{"name":"(anonymous_2)","decl":{"start":{"line":37,"column":33},"end":{"line":37,"column":34}},"loc":{"start":{"line":37,"column":49},"end":{"line":93,"column":1}},"line":37},"3":{"name":"ontest","decl":{"start":{"line":43,"column":34},"end":{"line":43,"column":40}},"loc":{"start":{"line":43,"column":51},"end":{"line":72,"column":9}},"line":43},"4":{"name":"(anonymous_4)","decl":{"start":{"line":46,"column":29},"end":{"line":46,"column":30}},"loc":{"start":{"line":46,"column":41},"end":{"line":58,"column":13}},"line":46},"5":{"name":"(anonymous_5)","decl":{"start":{"line":59,"column":25},"end":{"line":59,"column":26}},"loc":{"start":{"line":59,"column":39},"end":{"line":61,"column":13}},"line":59},"6":{"name":"(anonymous_6)","decl":{"start":{"line":62,"column":27},"end":{"line":62,"column":28}},"loc":{"start":{"line":62,"column":42},"end":{"line":68,"column":13}},"line":62},"7":{"name":"(anonymous_7)","decl":{"start":{"line":69,"column":24},"end":{"line":69,"column":25}},"loc":{"start":{"line":69,"column":36},"end":{"line":71,"column":13}},"line":69},"8":{"name":"(anonymous_8)","decl":{"start":{"line":73,"column":24},"end":{"line":73,"column":25}},"loc":{"start":{"line":73,"column":36},"end":{"line":73,"column":59}},"line":73},"9":{"name":"next","decl":{"start":{"line":82,"column":26},"end":{"line":82,"column":30}},"loc":{"start":{"line":82,"column":33},"end":{"line":89,"column":9}},"line":82},"10":{"name":"(anonymous_10)","decl":{"start":{"line":86,"column":51},"end":{"line":86,"column":52}},"loc":{"start":{"line":86,"column":63},"end":{"line":86,"column":82}},"line":86},"11":{"name":"(anonymous_11)","decl":{"start":{"line":95,"column":25},"end":{"line":95,"column":26}},"loc":{"start":{"line":95,"column":38},"end":{"line":100,"column":1}},"line":95},"12":{"name":"(anonymous_12)","decl":{"start":{"line":102,"column":25},"end":{"line":102,"column":26}},"loc":{"start":{"line":102,"column":38},"end":{"line":104,"column":1}},"line":102},"13":{"name":"(anonymous_13)","decl":{"start":{"line":106,"column":27},"end":{"line":106,"column":28}},"loc":{"start":{"line":106,"column":40},"end":{"line":132,"column":1}},"line":106},"14":{"name":"(anonymous_14)","decl":{"start":{"line":108,"column":16},"end":{"line":108,"column":17}},"loc":{"start":{"line":108,"column":29},"end":{"line":108,"column":55}},"line":108},"15":{"name":"(anonymous_15)","decl":{"start":{"line":109,"column":21},"end":{"line":109,"column":22}},"loc":{"start":{"line":109,"column":33},"end":{"line":114,"column":5}},"line":109},"16":{"name":"(anonymous_16)","decl":{"start":{"line":116,"column":19},"end":{"line":116,"column":20}},"loc":{"start":{"line":116,"column":34},"end":{"line":129,"column":5}},"line":116},"17":{"name":"(anonymous_17)","decl":{"start":{"line":131,"column":17},"end":{"line":131,"column":18}},"loc":{"start":{"line":131,"column":31},"end":{"line":131,"column":51}},"line":131},"18":{"name":"(anonymous_18)","decl":{"start":{"line":134,"column":26},"end":{"line":134,"column":27}},"loc":{"start":{"line":134,"column":38},"end":{"line":148,"column":1}},"line":134},"19":{"name":"(anonymous_19)","decl":{"start":{"line":138,"column":16},"end":{"line":138,"column":17}},"loc":{"start":{"line":138,"column":29},"end":{"line":138,"column":55}},"line":138},"20":{"name":"encodeResult","decl":{"start":{"line":150,"column":9},"end":{"line":150,"column":21}},"loc":{"start":{"line":150,"column":34},"end":{"line":198,"column":1}},"line":150},"21":{"name":"getNextTest","decl":{"start":{"line":200,"column":9},"end":{"line":200,"column":20}},"loc":{"start":{"line":200,"column":30},"end":{"line":212,"column":1}},"line":200},"22":{"name":"invalidYaml","decl":{"start":{"line":214,"column":9},"end":{"line":214,"column":20}},"loc":{"start":{"line":214,"column":26},"end":{"line":216,"column":1}},"line":214}},"branchMap":{"0":{"loc":{"start":{"line":13,"column":15},"end":{"line":15,"column":22}},"type":"cond-expr","locations":[{"start":{"line":14,"column":6},"end":{"line":14,"column":18}},{"start":{"line":15,"column":6},"end":{"line":15,"column":22}}],"line":13},"1":{"loc":{"start":{"line":26,"column":4},"end":{"line":26,"column":55}},"type":"if","locations":[{"start":{"line":26,"column":4},"end":{"line":26,"column":55}},{"start":{"line":26,"column":4},"end":{"line":26,"column":55}}],"line":26},"2":{"loc":{"start":{"line":38,"column":4},"end":{"line":38,"column":25}},"type":"if","locations":[{"start":{"line":38,"column":4},"end":{"line":38,"column":25}},{"start":{"line":38,"column":4},"end":{"line":38,"column":25}}],"line":38},"3":{"loc":{"start":{"line":41,"column":4},"end":{"line":78,"column":5}},"type":"if","locations":[{"start":{"line":41,"column":4},"end":{"line":78,"column":5}},{"start":{"line":41,"column":4},"end":{"line":78,"column":5}}],"line":41},"4":{"loc":{"start":{"line":44,"column":12},"end":{"line":44,"column":35}},"type":"if","locations":[{"start":{"line":44,"column":12},"end":{"line":44,"column":35}},{"start":{"line":44,"column":12},"end":{"line":44,"column":35}}],"line":44},"5":{"loc":{"start":{"line":54,"column":16},"end":{"line":56,"column":17}},"type":"if","locations":[{"start":{"line":54,"column":16},"end":{"line":56,"column":17}},{"start":{"line":54,"column":16},"end":{"line":56,"column":17}}],"line":54},"6":{"loc":{"start":{"line":63,"column":16},"end":{"line":66,"column":17}},"type":"if","locations":[{"start":{"line":63,"column":16},"end":{"line":66,"column":17}},{"start":{"line":63,"column":16},"end":{"line":66,"column":17}}],"line":63},"7":{"loc":{"start":{"line":63,"column":20},"end":{"line":63,"column":50}},"type":"binary-expr","locations":[{"start":{"line":63,"column":20},"end":{"line":63,"column":23}},{"start":{"line":63,"column":27},"end":{"line":63,"column":50}}],"line":63},"8":{"loc":{"start":{"line":80,"column":4},"end":{"line":90,"column":5}},"type":"if","locations":[{"start":{"line":80,"column":4},"end":{"line":90,"column":5}},{"start":{"line":80,"column":4},"end":{"line":90,"column":5}}],"line":80},"9":{"loc":{"start":{"line":86,"column":16},"end":{"line":86,"column":84}},"type":"if","locations":[{"start":{"line":86,"column":16},"end":{"line":86,"column":84}},{"start":{"line":86,"column":16},"end":{"line":86,"column":84}}],"line":86},"10":{"loc":{"start":{"line":111,"column":8},"end":{"line":112,"column":43}},"type":"if","locations":[{"start":{"line":111,"column":8},"end":{"line":112,"column":43}},{"start":{"line":111,"column":8},"end":{"line":112,"column":43}}],"line":111},"11":{"loc":{"start":{"line":112,"column":13},"end":{"line":112,"column":43}},"type":"if","locations":[{"start":{"line":112,"column":13},"end":{"line":112,"column":43}},{"start":{"line":112,"column":13},"end":{"line":112,"column":43}}],"line":112},"12":{"loc":{"start":{"line":117,"column":8},"end":{"line":120,"column":9}},"type":"if","locations":[{"start":{"line":117,"column":8},"end":{"line":120,"column":9}},{"start":{"line":117,"column":8},"end":{"line":120,"column":9}}],"line":117},"13":{"loc":{"start":{"line":124,"column":8},"end":{"line":128,"column":9}},"type":"if","locations":[{"start":{"line":124,"column":8},"end":{"line":128,"column":9}},{"start":{"line":124,"column":8},"end":{"line":128,"column":9}}],"line":124},"14":{"loc":{"start":{"line":124,"column":12},"end":{"line":124,"column":30}},"type":"binary-expr","locations":[{"start":{"line":124,"column":12},"end":{"line":124,"column":18}},{"start":{"line":124,"column":22},"end":{"line":124,"column":30}}],"line":124},"15":{"loc":{"start":{"line":136,"column":4},"end":{"line":136,"column":77}},"type":"if","locations":[{"start":{"line":136,"column":4},"end":{"line":136,"column":77}},{"start":{"line":136,"column":4},"end":{"line":136,"column":77}}],"line":136},"16":{"loc":{"start":{"line":143,"column":4},"end":{"line":143,"column":56}},"type":"if","locations":[{"start":{"line":143,"column":4},"end":{"line":143,"column":56}},{"start":{"line":143,"column":4},"end":{"line":143,"column":56}}],"line":143},"17":{"loc":{"start":{"line":144,"column":4},"end":{"line":145,"column":27}},"type":"if","locations":[{"start":{"line":144,"column":4},"end":{"line":145,"column":27}},{"start":{"line":144,"column":4},"end":{"line":145,"column":27}}],"line":144},"18":{"loc":{"start":{"line":152,"column":15},"end":{"line":152,"column":41}},"type":"cond-expr","locations":[{"start":{"line":152,"column":24},"end":{"line":152,"column":29}},{"start":{"line":152,"column":32},"end":{"line":152,"column":41}}],"line":152},"19":{"loc":{"start":{"line":153,"column":14},"end":{"line":153,"column":65}},"type":"cond-expr","locations":[{"start":{"line":153,"column":25},"end":{"line":153,"column":60}},{"start":{"line":153,"column":63},"end":{"line":153,"column":65}}],"line":153},"20":{"loc":{"start":{"line":155,"column":4},"end":{"line":159,"column":5}},"type":"if","locations":[{"start":{"line":155,"column":4},"end":{"line":159,"column":5}},{"start":{"line":155,"column":4},"end":{"line":159,"column":5}}],"line":155},"21":{"loc":{"start":{"line":156,"column":31},"end":{"line":156,"column":104}},"type":"cond-expr","locations":[{"start":{"line":156,"column":64},"end":{"line":156,"column":99}},{"start":{"line":156,"column":102},"end":{"line":156,"column":104}}],"line":156},"22":{"loc":{"start":{"line":157,"column":11},"end":{"line":159,"column":5}},"type":"if","locations":[{"start":{"line":157,"column":11},"end":{"line":159,"column":5}},{"start":{"line":157,"column":11},"end":{"line":159,"column":5}}],"line":157},"23":{"loc":{"start":{"line":158,"column":31},"end":{"line":158,"column":104}},"type":"cond-expr","locations":[{"start":{"line":158,"column":64},"end":{"line":158,"column":99}},{"start":{"line":158,"column":102},"end":{"line":158,"column":104}}],"line":158},"24":{"loc":{"start":{"line":162,"column":4},"end":{"line":162,"column":30}},"type":"if","locations":[{"start":{"line":162,"column":4},"end":{"line":162,"column":30}},{"start":{"line":162,"column":4},"end":{"line":162,"column":30}}],"line":162},"25":{"loc":{"start":{"line":169,"column":4},"end":{"line":180,"column":5}},"type":"if","locations":[{"start":{"line":169,"column":4},"end":{"line":180,"column":5}},{"start":{"line":169,"column":4},"end":{"line":180,"column":5}}],"line":169},"26":{"loc":{"start":{"line":169,"column":8},"end":{"line":169,"column":50}},"type":"binary-expr","locations":[{"start":{"line":169,"column":8},"end":{"line":169,"column":28}},{"start":{"line":169,"column":32},"end":{"line":169,"column":50}}],"line":169},"27":{"loc":{"start":{"line":173,"column":8},"end":{"line":179,"column":9}},"type":"if","locations":[{"start":{"line":173,"column":8},"end":{"line":179,"column":9}},{"start":{"line":173,"column":8},"end":{"line":179,"column":9}}],"line":173},"28":{"loc":{"start":{"line":173,"column":12},"end":{"line":173,"column":85}},"type":"binary-expr","locations":[{"start":{"line":173,"column":12},"end":{"line":173,"column":47}},{"start":{"line":173,"column":51},"end":{"line":173,"column":66}},{"start":{"line":173,"column":70},"end":{"line":173,"column":85}}],"line":173},"29":{"loc":{"start":{"line":181,"column":4},"end":{"line":183,"column":5}},"type":"if","locations":[{"start":{"line":181,"column":4},"end":{"line":183,"column":5}},{"start":{"line":181,"column":4},"end":{"line":183,"column":5}}],"line":181},"30":{"loc":{"start":{"line":185,"column":22},"end":{"line":185,"column":135}},"type":"cond-expr","locations":[{"start":{"line":185,"column":107},"end":{"line":185,"column":123}},{"start":{"line":185,"column":126},"end":{"line":185,"column":135}}],"line":185},"31":{"loc":{"start":{"line":185,"column":22},"end":{"line":185,"column":104}},"type":"binary-expr","locations":[{"start":{"line":185,"column":22},"end":{"line":185,"column":32}},{"start":{"line":185,"column":37},"end":{"line":185,"column":67}},{"start":{"line":185,"column":71},"end":{"line":185,"column":103}}],"line":185},"32":{"loc":{"start":{"line":186,"column":21},"end":{"line":186,"column":49}},"type":"binary-expr","locations":[{"start":{"line":186,"column":21},"end":{"line":186,"column":30}},{"start":{"line":186,"column":34},"end":{"line":186,"column":49}}],"line":186},"33":{"loc":{"start":{"line":188,"column":4},"end":{"line":194,"column":5}},"type":"if","locations":[{"start":{"line":188,"column":4},"end":{"line":194,"column":5}},{"start":{"line":188,"column":4},"end":{"line":194,"column":5}}],"line":188},"34":{"loc":{"start":{"line":201,"column":4},"end":{"line":203,"column":5}},"type":"if","locations":[{"start":{"line":201,"column":4},"end":{"line":203,"column":5}},{"start":{"line":201,"column":4},"end":{"line":203,"column":5}}],"line":201},"35":{"loc":{"start":{"line":207,"column":8},"end":{"line":207,"column":25}},"type":"if","locations":[{"start":{"line":207,"column":8},"end":{"line":207,"column":25}},{"start":{"line":207,"column":8},"end":{"line":207,"column":25}}],"line":207},"36":{"loc":{"start":{"line":208,"column":8},"end":{"line":210,"column":9}},"type":"if","locations":[{"start":{"line":208,"column":8},"end":{"line":210,"column":9}},{"start":{"line":208,"column":8},"end":{"line":210,"column":9}}],"line":208}},"s":{"0":1,"1":1,"2":1,"3":1,"4":1,"5":1,"6":1,"7":1,"8":1,"9":1,"10":1,"11":1,"12":1,"13":3,"14":2,"15":1,"16":1,"17":1,"18":1,"19":1,"20":1,"21":1,"22":1,"23":1,"24":1,"25":1,"26":0,"27":1,"28":1,"29":1,"30":0,"31":0,"32":0,"33":0,"34":0,"35":0,"36":0,"37":0,"38":0,"39":0,"40":0,"41":0,"42":0,"43":0,"44":0,"45":0,"46":0,"47":0,"48":0,"49":0,"50":0,"51":1,"52":1,"53":1,"54":1,"55":1,"56":1,"57":1,"58":1,"59":1,"60":0,"61":0,"62":1,"63":1,"64":1,"65":1,"66":1,"67":1,"68":1,"69":1,"70":0,"71":1,"72":1,"73":1,"74":3,"75":1,"76":1,"77":1,"78":0,"79":1,"80":0,"81":1,"82":1,"83":2,"84":0,"85":0,"86":2,"87":2,"88":2,"89":2,"90":0,"91":0,"92":1,"93":0,"94":1,"95":1,"96":1,"97":0,"98":1,"99":1,"100":4,"101":1,"102":1,"103":1,"104":1,"105":0,"106":1,"107":0,"108":1,"109":1,"110":2,"111":2,"112":2,"113":2,"114":0,"115":2,"116":0,"117":2,"118":2,"119":2,"120":0,"121":0,"122":0,"123":0,"124":0,"125":0,"126":0,"127":0,"128":0,"129":0,"130":0,"131":0,"132":0,"133":0,"134":0,"135":0,"136":0,"137":0,"138":0,"139":0,"140":0,"141":0,"142":0,"143":0,"144":0,"145":2,"146":2,"147":0,"148":0,"149":0,"150":0,"151":0,"152":0,"153":0},"f":{"0":3,"1":2,"2":1,"3":0,"4":0,"5":0,"6":0,"7":0,"8":0,"9":1,"10":0,"11":1,"12":0,"13":1,"14":3,"15":1,"16":2,"17":0,"18":1,"19":4,"20":2,"21":2,"22":0},"b":{"0":[1,0],"1":[1,1],"2":[0,1],"3":[0,1],"4":[0,0],"5":[0,0],"6":[0,0],"7":[0,0],"8":[1,0],"9":[0,1],"10":[0,1],"11":[0,1],"12":[0,2],"13":[2,0],"14":[2,0],"15":[0,1],"16":[0,1],"17":[0,1],"18":[2,0],"19":[2,0],"20":[0,2],"21":[0,0],"22":[0,2],"23":[0,0],"24":[2,0],"25":[0,0],"26":[0,0],"27":[0,0],"28":[0,0,0],"29":[0,0],"30":[0,0],"31":[0,0,0],"32":[0,0],"33":[0,0],"34":[2,0],"35":[0,0],"36":[0,0]},"_coverageSchema":"43e27e138ebf9cfc5966b082cf9a028302ed4184","hash":"f9d0d75eb6c33b718e0c2361d8f81abc49481d91","contentHash":"f84c7b47a0f4b7f3b2705ac20f55950980d827e62dd6c1260a669f45d93ebd4d"}}